Log file open, 06/28/21 11:02:12
LogWindows: Failed to load 'aqProf.dll' (GetLastError=126)
LogWindows: File 'aqProf.dll' does not exist
LogWindows: Failed to load 'VtuneApi.dll' (GetLastError=126)
LogWindows: File 'VtuneApi.dll' does not exist
LogWindows: Failed to load 'VtuneApi32e.dll' (GetLastError=126)
LogWindows: File 'VtuneApi32e.dll' does not exist
LogConsoleResponse: Display: Failed to find resolution value strings in scalability ini. Falling back to default.
LogInit: Display: Running engine for game: Barrel_Hopper
LogPlatformFile: Not using cached read wrapper
LogTaskGraph: Started task graph with 5 named threads and 35 total threads with 3 sets of task threads.
LogStats: Stats thread started at 0.088745
LogD3D11RHI: Loaded GFSDK_Aftermath_Lib.x64.dll
LogICUInternationalization: ICU TimeZone Detection - Raw Offset: +9:00, Platform Override: ''
LogPluginManager: Mounting plugin Paper2D
LogPluginManager: Mounting plugin AISupport
LogPluginManager: Mounting plugin LightPropagationVolume
LogPluginManager: Mounting plugin ActorLayerUtilities
LogPluginManager: Mounting plugin AnimationSharing
LogPluginManager: Mounting plugin CLionSourceCodeAccess
LogPluginManager: Mounting plugin CodeLiteSourceCodeAccess
LogPluginManager: Mounting plugin GitSourceControl
LogPluginManager: Mounting plugin KDevelopSourceCodeAccess
LogPluginManager: Mounting plugin NullSourceCodeAccess
LogPluginManager: Mounting plugin PerforceSourceControl
LogPluginManager: Mounting plugin PlasticSourceControl
LogPluginManager: Mounting plugin SubversionSourceControl
LogPluginManager: Mounting plugin UObjectPlugin
LogPluginManager: Mounting plugin VisualStudioCodeSourceCodeAccess
LogPluginManager: Mounting plugin VisualStudioSourceCodeAccess
LogPluginManager: Mounting plugin XCodeSourceCodeAccess
LogPluginManager: Mounting plugin AssetManagerEditor
LogPluginManager: Mounting plugin CryptoKeys
LogPluginManager: Mounting plugin CurveEditorTools
LogPluginManager: Mounting plugin DataValidation
LogPluginManager: Mounting plugin FacialAnimation
LogPluginManager: Mounting plugin GameplayTagsEditor
LogPluginManager: Mounting plugin MacGraphicsSwitching
LogPluginManager: Mounting plugin MaterialAnalyzer
LogPluginManager: Mounting plugin MobileLauncherProfileWizard
LogPluginManager: Mounting plugin PluginBrowser
LogPluginManager: Mounting plugin SpeedTreeImporter
LogPluginManager: Mounting plugin DatasmithContent
LogPluginManager: Mounting plugin VariantManagerContent
LogPluginManager: Mounting plugin AlembicImporter
LogPluginManager: Mounting plugin AutomationUtils
LogPluginManager: Mounting plugin BackChannel
LogPluginManager: Mounting plugin CharacterAI
LogPluginManager: Mounting plugin GeometryCache
LogPluginManager: Mounting plugin PlatformCrypto
LogPluginManager: Mounting plugin ProxyLODPlugin
LogPluginManager: Mounting plugin SkeletalReduction
LogPluginManager: Mounting plugin MagicLeap
LogPluginManager: Mounting plugin MagicLeapMedia
LogPluginManager: Mounting plugin MLSDK
LogPluginManager: Mounting plugin AndroidMedia
LogPluginManager: Mounting plugin AvfMedia
LogPluginManager: Mounting plugin ImgMedia
LogPluginManager: Mounting plugin MediaCompositing
LogPluginManager: Mounting plugin MediaPlayerEditor
LogPluginManager: Mounting plugin WebMMedia
LogPluginManager: Mounting plugin WmfMedia
LogPluginManager: Mounting plugin TcpMessaging
LogPluginManager: Mounting plugin UdpMessaging
LogPluginManager: Mounting plugin ActorSequence
LogPluginManager: Mounting plugin LevelSequenceEditor
LogPluginManager: Mounting plugin MatineeToLevelSequence
LogPluginManager: Mounting plugin NetcodeUnitTest
LogPluginManager: Mounting plugin NUTUnrealEngine4
LogPluginManager: Mounting plugin OnlineSubsystemGooglePlay
LogPluginManager: Mounting plugin OnlineSubsystemIOS
LogPluginManager: Mounting plugin OnlineSubsystem
LogPluginManager: Mounting plugin OnlineSubsystemNull
LogPluginManager: Mounting plugin OnlineSubsystemUtils
LogPluginManager: Mounting plugin LauncherChunkInstaller
LogPluginManager: Mounting plugin AndroidDeviceProfileSelector
LogPluginManager: Mounting plugin AndroidMoviePlayer
LogPluginManager: Mounting plugin AndroidPermission
LogPluginManager: Mounting plugin AppleImageUtils
LogPluginManager: Mounting plugin AppleMoviePlayer
LogPluginManager: Mounting plugin ArchVisCharacter
LogPluginManager: Mounting plugin AssetTags
LogPluginManager: Mounting plugin AudioCapture
LogPluginManager: Mounting plugin CableComponent
LogPluginManager: Mounting plugin CustomMeshComponent
LogPluginManager: Mounting plugin EditableMesh
LogPluginManager: Mounting plugin ExampleDeviceProfileSelector
LogPluginManager: Mounting plugin GoogleCloudMessaging
LogPluginManager: Mounting plugin IOSDeviceProfileSelector
LogPluginManager: Mounting plugin LinuxDeviceProfileSelector
LogPluginManager: Mounting plugin LocationServicesBPLibrary
LogPluginManager: Mounting plugin MobilePatchingUtils
LogPluginManager: Mounting plugin OculusVR
LogPluginManager: Mounting plugin PhysXVehicles
LogPluginManager: Mounting plugin PostSplashScreen
LogPluginManager: Mounting plugin ProceduralMeshComponent
LogPluginManager: Mounting plugin RuntimePhysXCooking
LogPluginManager: Mounting plugin SignificanceManager
LogPluginManager: Mounting plugin SteamVR
LogPluginManager: Mounting plugin WebMMoviePlayer
LogPluginManager: Mounting plugin WindowsMoviePlayer
LogPluginManager: Mounting plugin ScreenshotTools
LogInit: Using libcurl 7.55.1-DEV
LogInit:  - built for x86_64-pc-win32
LogInit:  - supports SSL with OpenSSL/1.1.1
LogInit:  - supports HTTP deflate (compression) using libz 1.2.8
LogInit:  - other features:
LogInit:      CURL_VERSION_SSL
LogInit:      CURL_VERSION_LIBZ
LogInit:      CURL_VERSION_IPV6
LogInit:      CURL_VERSION_ASYNCHDNS
LogInit:      CURL_VERSION_LARGEFILE
LogInit:      CURL_VERSION_IDN
LogInit:  CurlRequestOptions (configurable via config and command line):
LogInit:  - bVerifyPeer = true  - Libcurl will verify peer certificate
LogInit:  - bUseHttpProxy = false  - Libcurl will NOT use HTTP proxy
LogInit:  - bDontReuseConnections = false  - Libcurl will reuse connections
LogInit:  - MaxHostConnections = 16  - Libcurl will limit the number of connections to a host
LogInit:  - LocalHostAddr = Default
LogInit:  - BufferSize = 65536
LogOnline: OSS: Creating online subsystem instance for: NULL
LogInit: WinSock: version 1.1 (2.2), MaxSocks=32767, MaxUdp=65467
LogOnline: OSS: TryLoadSubsystemAndSetDefault: Loaded subsystem for module [NULL]
LogInit: Build: ++UE4+Release-4.24-CL-11590370
LogInit: Engine Version: 4.24.3-11590370+++UE4+Release-4.24
LogInit: Compatible Engine Version: 4.24.0-10570792+++UE4+Release-4.24
LogInit: Net CL: 10570792
LogInit: OS: Windows 10 (Release 2009) (), CPU: Intel(R) Core(TM) i7-8850H CPU @ 2.60GHz, GPU: Radeon Pro 560X
LogInit: Compiled (64-bit): Feb 24 2020 15:39:18
LogInit: Compiled with Visual C++: 19.16.27032.01
LogInit: Build Configuration: Development
LogInit: Branch Name: ++UE4+Release-4.24
LogInit: Command Line: 
LogInit: Base Directory: C:/Program Files/Epic Games/UE_4.24/Engine/Binaries/Win64/
LogInit: Installed Engine Build: 1
LogDevObjectVersion: Number of dev versions registered: 25
LogDevObjectVersion:   Dev-Blueprints (B0D832E4-1F89-4F0D-ACCF-7EB736FD4AA2): 10
LogDevObjectVersion:   Dev-Build (E1C64328-A22C-4D53-A36C-8E866417BD8C): 0
LogDevObjectVersion:   Dev-Core (375EC13C-06E4-48FB-B500-84F0262A717E): 3
LogDevObjectVersion:   Dev-Editor (E4B068ED-F494-42E9-A231-DA0B2E46BB41): 37
LogDevObjectVersion:   Dev-Framework (CFFC743F-43B0-4480-9391-14DF171D2073): 36
LogDevObjectVersion:   Dev-Mobile (B02B49B5-BB20-44E9-A304-32B752E40360): 2
LogDevObjectVersion:   Dev-Networking (A4E4105C-59A1-49B5-A7C5-40C4547EDFEE): 0
LogDevObjectVersion:   Dev-Online (39C831C9-5AE6-47DC-9A44-9C173E1C8E7C): 0
LogDevObjectVersion:   Dev-Physics (78F01B33-EBEA-4F98-B9B4-84EACCB95AA2): 2
LogDevObjectVersion:   Dev-Platform (6631380F-2D4D-43E0-8009-CF276956A95A): 0
LogDevObjectVersion:   Dev-Rendering (12F88B9F-8875-4AFC-A67C-D90C383ABD29): 36
LogDevObjectVersion:   Dev-Sequencer (7B5AE74C-D270-4C10-A958-57980B212A5A): 11
LogDevObjectVersion:   Dev-VR (D7296918-1DD6-4BDD-9DE2-64A83CC13884): 2
LogDevObjectVersion:   Dev-LoadTimes (C2A15278-BFE7-4AFE-6C17-90FF531DF755): 1
LogDevObjectVersion:   Private-Geometry (6EACA3D4-40EC-4CC1-B786-8BED09428FC5): 3
LogDevObjectVersion:   Dev-AnimPhys (29E575DD-E0A3-4627-9D10-D276232CDCEA): 17
LogDevObjectVersion:   Dev-Anim (AF43A65D-7FD3-4947-9873-3E8ED9C1BB05): 2
LogDevObjectVersion:   Dev-ReflectionCapture (6B266CEC-1EC7-4B8F-A30B-E4D90942FC07): 1
LogDevObjectVersion:   Dev-Automation (0DF73D61-A23F-47EA-B727-89E90C41499A): 1
LogDevObjectVersion:   FortniteMain (601D1886-AC64-4F84-AA16-D3DE0DEAC7D6): 31
LogDevObjectVersion:   Dev-Enterprise (9DFFBCD6-494F-0158-E221-12823C92A888): 8
LogDevObjectVersion:   Dev-Niagara (F2AED0AC-9AFE-416F-8664-AA7FFA26D6FC): 1
LogDevObjectVersion:   Dev-Destruction (174F1F0B-B4C6-45A5-B13F-2EE8D0FB917D): 9
LogDevObjectVersion:   Dev-Physics-Ext (35F94A83-E258-406C-A318-09F59610247C): 8
LogDevObjectVersion:   Dev-CineCamera (B2E18506-4273-CFC2-A54E-F4BB758BBA07): 1
LogInit: Presizing for max 25165824 objects, including 0 objects not considered by GC, pre-allocating 0 bytes for permanent pool.
LogInit: Object subsystem initialized
LogConfig: Setting CVar [[con.DebugEarlyDefault:1]]
LogConfig: Setting CVar [[r.setres:1280x720]]
[2021.06.28-02.02.13:407][  0]LogConfig: Setting CVar [[r.VSync:0]]
[2021.06.28-02.02.13:407][  0]LogConfig: Setting CVar [[r.RHICmdBypass:0]]
[2021.06.28-02.02.13:407][  0]LogConfig: Applying CVar settings from Section [/Script/Engine.RendererSettings] File [C:/자료/Programming/Unreal_Projects/Barrel_Hopper/Saved/Config/Windows/Engine.ini]
[2021.06.28-02.02.13:407][  0]LogConfig: Setting CVar [[r.GPUCrashDebugging:0]]
[2021.06.28-02.02.13:407][  0]LogConfig: Applying CVar settings from Section [/Script/Engine.RendererOverrideSettings] File [C:/자료/Programming/Unreal_Projects/Barrel_Hopper/Saved/Config/Windows/Engine.ini]
[2021.06.28-02.02.13:407][  0]LogConfig: Applying CVar settings from Section [/Script/Engine.StreamingSettings] File [C:/자료/Programming/Unreal_Projects/Barrel_Hopper/Saved/Config/Windows/Engine.ini]
[2021.06.28-02.02.13:407][  0]LogConfig: Setting CVar [[s.MinBulkDataSizeForAsyncLoading:131072]]
[2021.06.28-02.02.13:407][  0]LogConfig: Setting CVar [[s.AsyncLoadingThreadEnabled:0]]
[2021.06.28-02.02.13:407][  0]LogConfig: Setting CVar [[s.EventDrivenLoaderEnabled:1]]
[2021.06.28-02.02.13:407][  0]LogConfig: Setting CVar [[s.WarnIfTimeLimitExceeded:0]]
[2021.06.28-02.02.13:407][  0]LogConfig: Setting CVar [[s.TimeLimitExceededMultiplier:1.5]]
[2021.06.28-02.02.13:407][  0]LogConfig: Setting CVar [[s.TimeLimitExceededMinTime:0.005]]
[2021.06.28-02.02.13:407][  0]LogConfig: Setting CVar [[s.UseBackgroundLevelStreaming:1]]
[2021.06.28-02.02.13:407][  0]LogConfig: Setting CVar [[s.PriorityAsyncLoadingExtraTime:15.0]]
[2021.06.28-02.02.13:407][  0]LogConfig: Setting CVar [[s.LevelStreamingActorsUpdateTimeLimit:5.0]]
[2021.06.28-02.02.13:407][  0]LogConfig: Setting CVar [[s.PriorityLevelStreamingActorsUpdateExtraTime:5.0]]
[2021.06.28-02.02.13:407][  0]LogConfig: Setting CVar [[s.LevelStreamingComponentsRegistrationGranularity:10]]
[2021.06.28-02.02.13:407][  0]LogConfig: Setting CVar [[s.UnregisterComponentsTimeLimit:1.0]]
[2021.06.28-02.02.13:407][  0]LogConfig: Setting CVar [[s.LevelStreamingComponentsUnregistrationGranularity:5]]
[2021.06.28-02.02.13:407][  0]LogConfig: Setting CVar [[s.FlushStreamingOnExit:1]]
[2021.06.28-02.02.13:407][  0]LogConfig: Applying CVar settings from Section [/Script/Engine.GarbageCollectionSettings] File [C:/자료/Programming/Unreal_Projects/Barrel_Hopper/Saved/Config/Windows/Engine.ini]
[2021.06.28-02.02.13:407][  0]LogConfig: Setting CVar [[gc.MaxObjectsNotConsideredByGC:1]]
[2021.06.28-02.02.13:407][  0]LogConfig: Setting CVar [[gc.SizeOfPermanentObjectPool:0]]
[2021.06.28-02.02.13:407][  0]LogConfig: Setting CVar [[gc.FlushStreamingOnGC:0]]
[2021.06.28-02.02.13:407][  0]LogConfig: Setting CVar [[gc.NumRetriesBeforeForcingGC:10]]
[2021.06.28-02.02.13:407][  0]LogConfig: Setting CVar [[gc.AllowParallelGC:1]]
[2021.06.28-02.02.13:407][  0]LogConfig: Setting CVar [[gc.TimeBetweenPurgingPendingKillObjects:61.1]]
[2021.06.28-02.02.13:407][  0]LogConfig: Setting CVar [[gc.MaxObjectsInEditor:25165824]]
[2021.06.28-02.02.13:407][  0]LogConfig: Setting CVar [[gc.IncrementalBeginDestroyEnabled:1]]
[2021.06.28-02.02.13:407][  0]LogConfig: Setting CVar [[gc.CreateGCClusters:1]]
[2021.06.28-02.02.13:407][  0]LogConfig: Setting CVar [[gc.MinGCClusterSize:5]]
[2021.06.28-02.02.13:407][  0]LogConfig: Setting CVar [[gc.ActorClusteringEnabled:0]]
[2021.06.28-02.02.13:407][  0]LogConfig: Setting CVar [[gc.BlueprintClusteringEnabled:0]]
[2021.06.28-02.02.13:407][  0]LogConfig: Setting CVar [[gc.UseDisregardForGCOnDedicatedServers:0]]
[2021.06.28-02.02.13:407][  0]LogConfig: Applying CVar settings from Section [/Script/Engine.NetworkSettings] File [C:/자료/Programming/Unreal_Projects/Barrel_Hopper/Saved/Config/Windows/Engine.ini]
[2021.06.28-02.02.13:407][  0]LogConfig: Applying CVar settings from Section [/Script/UnrealEd.CookerSettings] File [C:/자료/Programming/Unreal_Projects/Barrel_Hopper/Saved/Config/Windows/Engine.ini]
[2021.06.28-02.02.13:413][  0]LogConfig: Applying CVar settings from Section [ViewDistanceQuality@3] File [C:/자료/Programming/Unreal_Projects/Barrel_Hopper/Saved/Config/Windows/Scalability.ini]
[2021.06.28-02.02.13:413][  0]LogConfig: Setting CVar [[r.SkeletalMeshLODBias:0]]
[2021.06.28-02.02.13:413][  0]LogConfig: Setting CVar [[r.ViewDistanceScale:1.0]]
[2021.06.28-02.02.13:413][  0]LogConfig: Applying CVar settings from Section [AntiAliasingQuality@3] File [C:/자료/Programming/Unreal_Projects/Barrel_Hopper/Saved/Config/Windows/Scalability.ini]
[2021.06.28-02.02.13:413][  0]LogConfig: Setting CVar [[r.PostProcessAAQuality:4]]
[2021.06.28-02.02.13:413][  0]LogConfig: Applying CVar settings from Section [ShadowQuality@3] File [C:/자료/Programming/Unreal_Projects/Barrel_Hopper/Saved/Config/Windows/Scalability.ini]
[2021.06.28-02.02.13:413][  0]LogConfig: Setting CVar [[r.LightFunctionQuality:1]]
[2021.06.28-02.02.13:413][  0]LogConfig: Setting CVar [[r.ShadowQuality:5]]
[2021.06.28-02.02.13:413][  0]LogConfig: Setting CVar [[r.Shadow.CSM.MaxCascades:10]]
[2021.06.28-02.02.13:413][  0]LogConfig: Setting CVar [[r.Shadow.MaxResolution:2048]]
[2021.06.28-02.02.13:413][  0]LogConfig: Setting CVar [[r.Shadow.MaxCSMResolution:2048]]
[2021.06.28-02.02.13:413][  0]LogConfig: Setting CVar [[r.Shadow.RadiusThreshold:0.01]]
[2021.06.28-02.02.13:413][  0]LogConfig: Setting CVar [[r.Shadow.DistanceScale:1.0]]
[2021.06.28-02.02.13:413][  0]LogConfig: Setting CVar [[r.Shadow.CSM.TransitionScale:1.0]]
[2021.06.28-02.02.13:413][  0]LogConfig: Setting CVar [[r.Shadow.PreShadowResolutionFactor:1.0]]
[2021.06.28-02.02.13:413][  0]LogConfig: Setting CVar [[r.DistanceFieldShadowing:1]]
[2021.06.28-02.02.13:413][  0]LogConfig: Setting CVar [[r.DistanceFieldAO:1]]
[2021.06.28-02.02.13:413][  0]LogConfig: Setting CVar [[r.AOQuality:2]]
[2021.06.28-02.02.13:413][  0]LogConfig: Setting CVar [[r.VolumetricFog:1]]
[2021.06.28-02.02.13:413][  0]LogConfig: Setting CVar [[r.VolumetricFog.GridPixelSize:8]]
[2021.06.28-02.02.13:413][  0]LogConfig: Setting CVar [[r.VolumetricFog.GridSizeZ:128]]
[2021.06.28-02.02.13:413][  0]LogConfig: Setting CVar [[r.VolumetricFog.HistoryMissSupersampleCount:4]]
[2021.06.28-02.02.13:413][  0]LogConfig: Setting CVar [[r.LightMaxDrawDistanceScale:1]]
[2021.06.28-02.02.13:413][  0]LogConfig: Setting CVar [[r.CapsuleShadows:1]]
[2021.06.28-02.02.13:413][  0]LogConfig: Applying CVar settings from Section [PostProcessQuality@3] File [C:/자료/Programming/Unreal_Projects/Barrel_Hopper/Saved/Config/Windows/Scalability.ini]
[2021.06.28-02.02.13:413][  0]LogConfig: Setting CVar [[r.MotionBlurQuality:4]]
[2021.06.28-02.02.13:413][  0]LogConfig: Setting CVar [[r.AmbientOcclusionMipLevelFactor:0.4]]
[2021.06.28-02.02.13:413][  0]LogConfig: Setting CVar [[r.AmbientOcclusionMaxQuality:100]]
[2021.06.28-02.02.13:413][  0]LogConfig: Setting CVar [[r.AmbientOcclusionLevels:-1]]
[2021.06.28-02.02.13:414][  0]LogConfig: Setting CVar [[r.AmbientOcclusionRadiusScale:1.0]]
[2021.06.28-02.02.13:414][  0]LogConfig: Setting CVar [[r.DepthOfFieldQuality:2]]
[2021.06.28-02.02.13:414][  0]LogConfig: Setting CVar [[r.RenderTargetPoolMin:400]]
[2021.06.28-02.02.13:414][  0]LogConfig: Setting CVar [[r.LensFlareQuality:2]]
[2021.06.28-02.02.13:414][  0]LogConfig: Setting CVar [[r.SceneColorFringeQuality:1]]
[2021.06.28-02.02.13:414][  0]LogConfig: Setting CVar [[r.EyeAdaptationQuality:2]]
[2021.06.28-02.02.13:414][  0]LogConfig: Setting CVar [[r.BloomQuality:5]]
[2021.06.28-02.02.13:414][  0]LogConfig: Setting CVar [[r.FastBlurThreshold:100]]
[2021.06.28-02.02.13:414][  0]LogConfig: Setting CVar [[r.Upscale.Quality:3]]
[2021.06.28-02.02.13:414][  0]LogConfig: Setting CVar [[r.Tonemapper.GrainQuantization:1]]
[2021.06.28-02.02.13:414][  0]LogConfig: Setting CVar [[r.LightShaftQuality:1]]
[2021.06.28-02.02.13:414][  0]LogConfig: Setting CVar [[r.Filter.SizeScale:1]]
[2021.06.28-02.02.13:414][  0]LogConfig: Setting CVar [[r.Tonemapper.Quality:5]]
[2021.06.28-02.02.13:414][  0]LogConfig: Setting CVar [[r.DOF.Gather.AccumulatorQuality:1        ; higher gathering accumulator quality]]
[2021.06.28-02.02.13:414][  0]LogConfig: Setting CVar [[r.DOF.Gather.PostfilterMethod:1          ; Median3x3 postfilering method]]
[2021.06.28-02.02.13:414][  0]LogConfig: Setting CVar [[r.DOF.Gather.EnableBokehSettings:0       ; no bokeh simulation when gathering]]
[2021.06.28-02.02.13:414][  0]LogConfig: Setting CVar [[r.DOF.Gather.RingCount:4                 ; medium number of samples when gathering]]
[2021.06.28-02.02.13:414][  0]LogConfig: Setting CVar [[r.DOF.Scatter.ForegroundCompositing:1    ; additive foreground scattering]]
[2021.06.28-02.02.13:414][  0]LogConfig: Setting CVar [[r.DOF.Scatter.BackgroundCompositing:2    ; additive background scattering]]
[2021.06.28-02.02.13:414][  0]LogConfig: Setting CVar [[r.DOF.Scatter.EnableBokehSettings:1      ; bokeh simulation when scattering]]
[2021.06.28-02.02.13:414][  0]LogConfig: Setting CVar [[r.DOF.Scatter.MaxSpriteRatio:0.1         ; only a maximum of 10% of scattered bokeh]]
[2021.06.28-02.02.13:414][  0]LogConfig: Setting CVar [[r.DOF.Recombine.Quality:1                ; cheap slight out of focus]]
[2021.06.28-02.02.13:414][  0]LogConfig: Setting CVar [[r.DOF.Recombine.EnableBokehSettings:0    ; no bokeh simulation on slight out of focus]]
[2021.06.28-02.02.13:414][  0]LogConfig: Setting CVar [[r.DOF.TemporalAAQuality:1                ; more stable temporal accumulation]]
[2021.06.28-02.02.13:414][  0]LogConfig: Setting CVar [[r.DOF.Kernel.MaxForegroundRadius:0.025]]
[2021.06.28-02.02.13:414][  0]LogConfig: Setting CVar [[r.DOF.Kernel.MaxBackgroundRadius:0.025]]
[2021.06.28-02.02.13:414][  0]LogConfig: Applying CVar settings from Section [TextureQuality@3] File [C:/자료/Programming/Unreal_Projects/Barrel_Hopper/Saved/Config/Windows/Scalability.ini]
[2021.06.28-02.02.13:414][  0]LogConfig: Setting CVar [[r.Streaming.MipBias:0]]
[2021.06.28-02.02.13:414][  0]LogConfig: Setting CVar [[r.Streaming.AmortizeCPUToGPUCopy:0]]
[2021.06.28-02.02.13:414][  0]LogConfig: Setting CVar [[r.Streaming.MaxNumTexturesToStreamPerFrame:0]]
[2021.06.28-02.02.13:414][  0]LogConfig: Setting CVar [[r.Streaming.Boost:1]]
[2021.06.28-02.02.13:414][  0]LogConfig: Setting CVar [[r.MaxAnisotropy:8]]
[2021.06.28-02.02.13:414][  0]LogConfig: Setting CVar [[r.VT.MaxAnisotropy:8]]
[2021.06.28-02.02.13:414][  0]LogConfig: Setting CVar [[r.Streaming.LimitPoolSizeToVRAM:0]]
[2021.06.28-02.02.13:414][  0]LogConfig: Setting CVar [[r.Streaming.PoolSize:1000]]
[2021.06.28-02.02.13:414][  0]LogConfig: Setting CVar [[r.Streaming.MaxEffectiveScreenSize:0]]
[2021.06.28-02.02.13:414][  0]LogConfig: Applying CVar settings from Section [EffectsQuality@3] File [C:/자료/Programming/Unreal_Projects/Barrel_Hopper/Saved/Config/Windows/Scalability.ini]
[2021.06.28-02.02.13:414][  0]LogConfig: Setting CVar [[r.TranslucencyLightingVolumeDim:64]]
[2021.06.28-02.02.13:414][  0]LogConfig: Setting CVar [[r.RefractionQuality:2]]
[2021.06.28-02.02.13:414][  0]LogConfig: Setting CVar [[r.SSR.Quality:3]]
[2021.06.28-02.02.13:414][  0]LogConfig: Setting CVar [[r.SSR.HalfResSceneColor:0]]
[2021.06.28-02.02.13:414][  0]LogConfig: Setting CVar [[r.SceneColorFormat:4]]
[2021.06.28-02.02.13:414][  0]LogConfig: Setting CVar [[r.DetailMode:2]]
[2021.06.28-02.02.13:414][  0]LogConfig: Setting CVar [[r.TranslucencyVolumeBlur:1]]
[2021.06.28-02.02.13:414][  0]LogConfig: Setting CVar [[r.MaterialQualityLevel:1 ; High quality]]
[2021.06.28-02.02.13:414][  0]LogConfig: Setting CVar [[r.SSS.Scale:1]]
[2021.06.28-02.02.13:414][  0]LogConfig: Setting CVar [[r.SSS.SampleSet:2]]
[2021.06.28-02.02.13:414][  0]LogConfig: Setting CVar [[r.SSS.Quality:1]]
[2021.06.28-02.02.13:414][  0]LogConfig: Setting CVar [[r.SSS.HalfRes:1]]
[2021.06.28-02.02.13:414][  0]LogConfig: Setting CVar [[r.SSGI.Quality:3]]
[2021.06.28-02.02.13:414][  0]LogConfig: Setting CVar [[r.EmitterSpawnRateScale:1.0]]
[2021.06.28-02.02.13:414][  0]LogConfig: Setting CVar [[r.ParticleLightQuality:2]]
[2021.06.28-02.02.13:414][  0]LogConfig: Setting CVar [[r.SkyAtmosphere.AerialPerspectiveLUT.FastApplyOnOpaque:1 ; Always have FastSkyLUT 1 in this case to avoid wrong sky]]
[2021.06.28-02.02.13:414][  0]LogConfig: Setting CVar [[r.SkyAtmosphere.AerialPerspectiveLUT.SampleCountPerSlice:1]]
[2021.06.28-02.02.13:414][  0]LogConfig: Setting CVar [[r.SkyAtmosphere.AerialPerspectiveLUT.DepthResolution:16.0]]
[2021.06.28-02.02.13:414][  0]LogConfig: Setting CVar [[r.SkyAtmosphere.FastSkyLUT:1]]
[2021.06.28-02.02.13:414][  0]LogConfig: Setting CVar [[r.SkyAtmosphere.FastSkyLUT.SampleCountMin:4.0]]
[2021.06.28-02.02.13:414][  0]LogConfig: Setting CVar [[r.SkyAtmosphere.FastSkyLUT.SampleCountMax:32.0]]
[2021.06.28-02.02.13:414][  0]LogConfig: Setting CVar [[r.SkyAtmosphere.SampleCountMin:4.0]]
[2021.06.28-02.02.13:414][  0]LogConfig: Setting CVar [[r.SkyAtmosphere.SampleCountMax:32.0]]
[2021.06.28-02.02.13:414][  0]LogConfig: Setting CVar [[r.SkyAtmosphere.TransmittanceLUT.UseSmallFormat:0]]
[2021.06.28-02.02.13:414][  0]LogConfig: Setting CVar [[r.SkyAtmosphere.TransmittanceLUT.SampleCount:10.0]]
[2021.06.28-02.02.13:414][  0]LogConfig: Setting CVar [[r.SkyAtmosphere.MultiScatteringLUT.SampleCount:15.0]]
[2021.06.28-02.02.13:414][  0]LogConfig: Applying CVar settings from Section [FoliageQuality@3] File [C:/자료/Programming/Unreal_Projects/Barrel_Hopper/Saved/Config/Windows/Scalability.ini]
[2021.06.28-02.02.13:414][  0]LogConfig: Setting CVar [[foliage.DensityScale:1.0]]
[2021.06.28-02.02.13:414][  0]LogConfig: Setting CVar [[grass.DensityScale:1.0]]
[2021.06.28-02.02.13:414][  0]LogConfig: Applying CVar settings from Section [ShadingQuality@3] File [C:/자료/Programming/Unreal_Projects/Barrel_Hopper/Saved/Config/Windows/Scalability.ini]
[2021.06.28-02.02.13:414][  0]LogConfig: Setting CVar [[r.HairStrands.SkyLighting.SampleCount:16]]
[2021.06.28-02.02.13:414][  0]LogConfig: Setting CVar [[r.HairStrands.SkyLighting.JitterIntegration:0]]
[2021.06.28-02.02.13:414][  0]LogConfig: Setting CVar [[r.HairStrands.SkyAO.SampleCount:16]]
[2021.06.28-02.02.13:414][  0]LogInit: Selected Device Profile: [Windows]
[2021.06.28-02.02.13:414][  0]LogInit: Applying CVar settings loaded from the selected device profile: [Windows]
[2021.06.28-02.02.13:420][  0]LogHAL: Display: Platform has ~ 16 GB [17068896256 / 17179869184 / 16], which maps to Larger [LargestMinGB=32, LargerMinGB=12, DefaultMinGB=8, SmallerMinGB=6, SmallestMinGB=0)
[2021.06.28-02.02.13:420][  0]LogInit: Going up to parent DeviceProfile []
[2021.06.28-02.02.13:420][  0]LogConfig: Applying CVar settings from Section [ViewDistanceQuality@3] File [C:/자료/Programming/Unreal_Projects/Barrel_Hopper/Saved/Config/Windows/Scalability.ini]
[2021.06.28-02.02.13:420][  0]LogConfig: Setting CVar [[r.SkeletalMeshLODBias:0]]
[2021.06.28-02.02.13:420][  0]LogConfig: Setting CVar [[r.ViewDistanceScale:1.0]]
[2021.06.28-02.02.13:420][  0]LogConfig: Applying CVar settings from Section [AntiAliasingQuality@3] File [C:/자료/Programming/Unreal_Projects/Barrel_Hopper/Saved/Config/Windows/Scalability.ini]
[2021.06.28-02.02.13:420][  0]LogConfig: Setting CVar [[r.PostProcessAAQuality:4]]
[2021.06.28-02.02.13:420][  0]LogConfig: Applying CVar settings from Section [ShadowQuality@3] File [C:/자료/Programming/Unreal_Projects/Barrel_Hopper/Saved/Config/Windows/Scalability.ini]
[2021.06.28-02.02.13:420][  0]LogConfig: Setting CVar [[r.LightFunctionQuality:1]]
[2021.06.28-02.02.13:420][  0]LogConfig: Setting CVar [[r.ShadowQuality:5]]
[2021.06.28-02.02.13:420][  0]LogConfig: Setting CVar [[r.Shadow.CSM.MaxCascades:10]]
[2021.06.28-02.02.13:420][  0]LogConfig: Setting CVar [[r.Shadow.MaxResolution:2048]]
[2021.06.28-02.02.13:420][  0]LogConfig: Setting CVar [[r.Shadow.MaxCSMResolution:2048]]
[2021.06.28-02.02.13:420][  0]LogConfig: Setting CVar [[r.Shadow.RadiusThreshold:0.01]]
[2021.06.28-02.02.13:420][  0]LogConfig: Setting CVar [[r.Shadow.DistanceScale:1.0]]
[2021.06.28-02.02.13:420][  0]LogConfig: Setting CVar [[r.Shadow.CSM.TransitionScale:1.0]]
[2021.06.28-02.02.13:420][  0]LogConfig: Setting CVar [[r.Shadow.PreShadowResolutionFactor:1.0]]
[2021.06.28-02.02.13:420][  0]LogConfig: Setting CVar [[r.DistanceFieldShadowing:1]]
[2021.06.28-02.02.13:420][  0]LogConfig: Setting CVar [[r.DistanceFieldAO:1]]
[2021.06.28-02.02.13:420][  0]LogConfig: Setting CVar [[r.AOQuality:2]]
[2021.06.28-02.02.13:421][  0]LogConfig: Setting CVar [[r.VolumetricFog:1]]
[2021.06.28-02.02.13:421][  0]LogConfig: Setting CVar [[r.VolumetricFog.GridPixelSize:8]]
[2021.06.28-02.02.13:421][  0]LogConfig: Setting CVar [[r.VolumetricFog.GridSizeZ:128]]
[2021.06.28-02.02.13:421][  0]LogConfig: Setting CVar [[r.VolumetricFog.HistoryMissSupersampleCount:4]]
[2021.06.28-02.02.13:421][  0]LogConfig: Setting CVar [[r.LightMaxDrawDistanceScale:1]]
[2021.06.28-02.02.13:421][  0]LogConfig: Setting CVar [[r.CapsuleShadows:1]]
[2021.06.28-02.02.13:421][  0]LogConfig: Applying CVar settings from Section [PostProcessQuality@3] File [C:/자료/Programming/Unreal_Projects/Barrel_Hopper/Saved/Config/Windows/Scalability.ini]
[2021.06.28-02.02.13:421][  0]LogConfig: Setting CVar [[r.MotionBlurQuality:4]]
[2021.06.28-02.02.13:421][  0]LogConfig: Setting CVar [[r.AmbientOcclusionMipLevelFactor:0.4]]
[2021.06.28-02.02.13:421][  0]LogConfig: Setting CVar [[r.AmbientOcclusionMaxQuality:100]]
[2021.06.28-02.02.13:421][  0]LogConfig: Setting CVar [[r.AmbientOcclusionLevels:-1]]
[2021.06.28-02.02.13:421][  0]LogConfig: Setting CVar [[r.AmbientOcclusionRadiusScale:1.0]]
[2021.06.28-02.02.13:421][  0]LogConfig: Setting CVar [[r.DepthOfFieldQuality:2]]
[2021.06.28-02.02.13:421][  0]LogConfig: Setting CVar [[r.RenderTargetPoolMin:400]]
[2021.06.28-02.02.13:421][  0]LogConfig: Setting CVar [[r.LensFlareQuality:2]]
[2021.06.28-02.02.13:421][  0]LogConfig: Setting CVar [[r.SceneColorFringeQuality:1]]
[2021.06.28-02.02.13:421][  0]LogConfig: Setting CVar [[r.EyeAdaptationQuality:2]]
[2021.06.28-02.02.13:421][  0]LogConfig: Setting CVar [[r.BloomQuality:5]]
[2021.06.28-02.02.13:421][  0]LogConfig: Setting CVar [[r.FastBlurThreshold:100]]
[2021.06.28-02.02.13:421][  0]LogConfig: Setting CVar [[r.Upscale.Quality:3]]
[2021.06.28-02.02.13:421][  0]LogConfig: Setting CVar [[r.Tonemapper.GrainQuantization:1]]
[2021.06.28-02.02.13:421][  0]LogConfig: Setting CVar [[r.LightShaftQuality:1]]
[2021.06.28-02.02.13:421][  0]LogConfig: Setting CVar [[r.Filter.SizeScale:1]]
[2021.06.28-02.02.13:421][  0]LogConfig: Setting CVar [[r.Tonemapper.Quality:5]]
[2021.06.28-02.02.13:421][  0]LogConfig: Setting CVar [[r.DOF.Gather.AccumulatorQuality:1        ; higher gathering accumulator quality]]
[2021.06.28-02.02.13:421][  0]LogConfig: Setting CVar [[r.DOF.Gather.PostfilterMethod:1          ; Median3x3 postfilering method]]
[2021.06.28-02.02.13:421][  0]LogConfig: Setting CVar [[r.DOF.Gather.EnableBokehSettings:0       ; no bokeh simulation when gathering]]
[2021.06.28-02.02.13:421][  0]LogConfig: Setting CVar [[r.DOF.Gather.RingCount:4                 ; medium number of samples when gathering]]
[2021.06.28-02.02.13:421][  0]LogConfig: Setting CVar [[r.DOF.Scatter.ForegroundCompositing:1    ; additive foreground scattering]]
[2021.06.28-02.02.13:421][  0]LogConfig: Setting CVar [[r.DOF.Scatter.BackgroundCompositing:2    ; additive background scattering]]
[2021.06.28-02.02.13:421][  0]LogConfig: Setting CVar [[r.DOF.Scatter.EnableBokehSettings:1      ; bokeh simulation when scattering]]
[2021.06.28-02.02.13:421][  0]LogConfig: Setting CVar [[r.DOF.Scatter.MaxSpriteRatio:0.1         ; only a maximum of 10% of scattered bokeh]]
[2021.06.28-02.02.13:421][  0]LogConfig: Setting CVar [[r.DOF.Recombine.Quality:1                ; cheap slight out of focus]]
[2021.06.28-02.02.13:421][  0]LogConfig: Setting CVar [[r.DOF.Recombine.EnableBokehSettings:0    ; no bokeh simulation on slight out of focus]]
[2021.06.28-02.02.13:421][  0]LogConfig: Setting CVar [[r.DOF.TemporalAAQuality:1                ; more stable temporal accumulation]]
[2021.06.28-02.02.13:421][  0]LogConfig: Setting CVar [[r.DOF.Kernel.MaxForegroundRadius:0.025]]
[2021.06.28-02.02.13:421][  0]LogConfig: Setting CVar [[r.DOF.Kernel.MaxBackgroundRadius:0.025]]
[2021.06.28-02.02.13:421][  0]LogConfig: Applying CVar settings from Section [TextureQuality@3] File [C:/자료/Programming/Unreal_Projects/Barrel_Hopper/Saved/Config/Windows/Scalability.ini]
[2021.06.28-02.02.13:421][  0]LogConfig: Setting CVar [[r.Streaming.MipBias:0]]
[2021.06.28-02.02.13:421][  0]LogConfig: Setting CVar [[r.Streaming.AmortizeCPUToGPUCopy:0]]
[2021.06.28-02.02.13:421][  0]LogConfig: Setting CVar [[r.Streaming.MaxNumTexturesToStreamPerFrame:0]]
[2021.06.28-02.02.13:421][  0]LogConfig: Setting CVar [[r.Streaming.Boost:1]]
[2021.06.28-02.02.13:421][  0]LogConfig: Setting CVar [[r.MaxAnisotropy:8]]
[2021.06.28-02.02.13:421][  0]LogConfig: Setting CVar [[r.VT.MaxAnisotropy:8]]
[2021.06.28-02.02.13:421][  0]LogConfig: Setting CVar [[r.Streaming.LimitPoolSizeToVRAM:0]]
[2021.06.28-02.02.13:421][  0]LogConfig: Setting CVar [[r.Streaming.PoolSize:1000]]
[2021.06.28-02.02.13:421][  0]LogConfig: Setting CVar [[r.Streaming.MaxEffectiveScreenSize:0]]
[2021.06.28-02.02.13:421][  0]LogConfig: Applying CVar settings from Section [EffectsQuality@3] File [C:/자료/Programming/Unreal_Projects/Barrel_Hopper/Saved/Config/Windows/Scalability.ini]
[2021.06.28-02.02.13:421][  0]LogConfig: Setting CVar [[r.TranslucencyLightingVolumeDim:64]]
[2021.06.28-02.02.13:421][  0]LogConfig: Setting CVar [[r.RefractionQuality:2]]
[2021.06.28-02.02.13:421][  0]LogConfig: Setting CVar [[r.SSR.Quality:3]]
[2021.06.28-02.02.13:421][  0]LogConfig: Setting CVar [[r.SSR.HalfResSceneColor:0]]
[2021.06.28-02.02.13:421][  0]LogConfig: Setting CVar [[r.SceneColorFormat:4]]
[2021.06.28-02.02.13:421][  0]LogConfig: Setting CVar [[r.DetailMode:2]]
[2021.06.28-02.02.13:421][  0]LogConfig: Setting CVar [[r.TranslucencyVolumeBlur:1]]
[2021.06.28-02.02.13:421][  0]LogConfig: Setting CVar [[r.MaterialQualityLevel:1 ; High quality]]
[2021.06.28-02.02.13:421][  0]LogConfig: Setting CVar [[r.SSS.Scale:1]]
[2021.06.28-02.02.13:421][  0]LogConfig: Setting CVar [[r.SSS.SampleSet:2]]
[2021.06.28-02.02.13:421][  0]LogConfig: Setting CVar [[r.SSS.Quality:1]]
[2021.06.28-02.02.13:421][  0]LogConfig: Setting CVar [[r.SSS.HalfRes:1]]
[2021.06.28-02.02.13:421][  0]LogConfig: Setting CVar [[r.SSGI.Quality:3]]
[2021.06.28-02.02.13:421][  0]LogConfig: Setting CVar [[r.EmitterSpawnRateScale:1.0]]
[2021.06.28-02.02.13:421][  0]LogConfig: Setting CVar [[r.ParticleLightQuality:2]]
[2021.06.28-02.02.13:421][  0]LogConfig: Setting CVar [[r.SkyAtmosphere.AerialPerspectiveLUT.FastApplyOnOpaque:1 ; Always have FastSkyLUT 1 in this case to avoid wrong sky]]
[2021.06.28-02.02.13:421][  0]LogConfig: Setting CVar [[r.SkyAtmosphere.AerialPerspectiveLUT.SampleCountPerSlice:1]]
[2021.06.28-02.02.13:421][  0]LogConfig: Setting CVar [[r.SkyAtmosphere.AerialPerspectiveLUT.DepthResolution:16.0]]
[2021.06.28-02.02.13:421][  0]LogConfig: Setting CVar [[r.SkyAtmosphere.FastSkyLUT:1]]
[2021.06.28-02.02.13:421][  0]LogConfig: Setting CVar [[r.SkyAtmosphere.FastSkyLUT.SampleCountMin:4.0]]
[2021.06.28-02.02.13:421][  0]LogConfig: Setting CVar [[r.SkyAtmosphere.FastSkyLUT.SampleCountMax:32.0]]
[2021.06.28-02.02.13:421][  0]LogConfig: Setting CVar [[r.SkyAtmosphere.SampleCountMin:4.0]]
[2021.06.28-02.02.13:421][  0]LogConfig: Setting CVar [[r.SkyAtmosphere.SampleCountMax:32.0]]
[2021.06.28-02.02.13:421][  0]LogConfig: Setting CVar [[r.SkyAtmosphere.TransmittanceLUT.UseSmallFormat:0]]
[2021.06.28-02.02.13:421][  0]LogConfig: Setting CVar [[r.SkyAtmosphere.TransmittanceLUT.SampleCount:10.0]]
[2021.06.28-02.02.13:421][  0]LogConfig: Setting CVar [[r.SkyAtmosphere.MultiScatteringLUT.SampleCount:15.0]]
[2021.06.28-02.02.13:421][  0]LogConfig: Applying CVar settings from Section [FoliageQuality@3] File [C:/자료/Programming/Unreal_Projects/Barrel_Hopper/Saved/Config/Windows/Scalability.ini]
[2021.06.28-02.02.13:421][  0]LogConfig: Setting CVar [[foliage.DensityScale:1.0]]
[2021.06.28-02.02.13:421][  0]LogConfig: Setting CVar [[grass.DensityScale:1.0]]
[2021.06.28-02.02.13:421][  0]LogConfig: Applying CVar settings from Section [ShadingQuality@3] File [C:/자료/Programming/Unreal_Projects/Barrel_Hopper/Saved/Config/Windows/Scalability.ini]
[2021.06.28-02.02.13:421][  0]LogConfig: Setting CVar [[r.HairStrands.SkyLighting.SampleCount:16]]
[2021.06.28-02.02.13:421][  0]LogConfig: Setting CVar [[r.HairStrands.SkyLighting.JitterIntegration:0]]
[2021.06.28-02.02.13:421][  0]LogConfig: Setting CVar [[r.HairStrands.SkyAO.SampleCount:16]]
[2021.06.28-02.02.13:421][  0]LogConfig: Applying CVar settings from Section [Startup] File [../../../Engine/Config/ConsoleVariables.ini]
[2021.06.28-02.02.13:422][  0]LogConfig: Setting CVar [[net.UseAdaptiveNetUpdateFrequency:0]]
[2021.06.28-02.02.13:422][  0]LogConfig: Setting CVar [[p.chaos.AllowCreatePhysxBodies:1]]
[2021.06.28-02.02.13:422][  0]LogConfig: Applying CVar settings from Section [ConsoleVariables] File [C:/자료/Programming/Unreal_Projects/Barrel_Hopper/Saved/Config/Windows/Engine.ini]
[2021.06.28-02.02.13:422][  0]LogInit: Computer: DESKTOP-N4HIACK
[2021.06.28-02.02.13:422][  0]LogInit: User: ps2b
[2021.06.28-02.02.13:422][  0]LogInit: CPU Page size=4096, Cores=6
[2021.06.28-02.02.13:422][  0]LogInit: High frequency timer resolution =10.000000 MHz
[2021.06.28-02.02.13:422][  0]LogMemory: Memory total: Physical=15.9GB (16GB approx)
[2021.06.28-02.02.13:422][  0]LogMemory: Platform Memory Stats for Windows
[2021.06.28-02.02.13:422][  0]LogMemory: Process Physical Memory: 108.72 MB used, 108.73 MB peak
[2021.06.28-02.02.13:422][  0]LogMemory: Process Virtual Memory: 101.63 MB used, 101.63 MB peak
[2021.06.28-02.02.13:422][  0]LogMemory: Physical Memory: 4195.57 MB used,  12082.60 MB free, 16278.17 MB total
[2021.06.28-02.02.13:422][  0]LogMemory: Virtual Memory: 5161.05 MB used,  134212568.00 MB free, 134217728.00 MB total
[2021.06.28-02.02.13:427][  0]LogWindows: WindowsPlatformFeatures enabled
[2021.06.28-02.02.13:458][  0]LogInit: Using OS detected language (en-GB).
[2021.06.28-02.02.13:458][  0]LogInit: Using OS detected locale (ko-KR).
[2021.06.28-02.02.13:459][  0]LogTextLocalizationManager: No specific localization for 'en-GB' exists, so the 'en' localization will be used.
[2021.06.28-02.02.13:605][  0]LogInit: Setting process to per monitor DPI aware
[2021.06.28-02.02.13:690][  0]LogSlate: New Slate User Created.  User Index 0, Is Virtual User: 0
[2021.06.28-02.02.13:690][  0]LogSlate: Slate User Registered.  User Index 0, Is Virtual User: 0
[2021.06.28-02.02.14:031][  0]LogHMD: Failed to initialize OpenVR with code 110
[2021.06.28-02.02.14:031][  0]LogD3D11RHI: D3D11 min allowed feature level: 11_0
[2021.06.28-02.02.14:031][  0]LogD3D11RHI: D3D11 max allowed feature level: 11_0
[2021.06.28-02.02.14:031][  0]LogD3D11RHI: D3D11 adapters:
[2021.06.28-02.02.14:291][  0]LogD3D11RHI:    0. 'Radeon Pro 560X' (Feature Level 11_0)
[2021.06.28-02.02.14:291][  0]LogD3D11RHI:       4041/0/8139 MB DedicatedVideo/DedicatedSystem/SharedSystem, Outputs:1, VendorId:0x1002
[2021.06.28-02.02.14:296][  0]LogD3D11RHI:    1. 'Microsoft Basic Render Driver' (Feature Level 11_0)
[2021.06.28-02.02.14:296][  0]LogD3D11RHI:       0/0/8139 MB DedicatedVideo/DedicatedSystem/SharedSystem, Outputs:0, VendorId:0x1414
[2021.06.28-02.02.14:296][  0]LogD3D11RHI: Chosen D3D11 Adapter: 0
[2021.06.28-02.02.14:304][  0]LogD3D11RHI: Creating new Direct3DDevice
[2021.06.28-02.02.14:304][  0]LogD3D11RHI:     GPU DeviceId: 0x67ef (for the marketing name, search the web for "GPU Device Id")
[2021.06.28-02.02.14:304][  0]LogWindows: EnumDisplayDevices:
[2021.06.28-02.02.14:305][  0]LogWindows:    0. 'Radeon Pro 560X' (P:1 D:1)
[2021.06.28-02.02.14:308][  0]LogWindows:    1. 'Radeon Pro 560X' (P:0 D:0)
[2021.06.28-02.02.14:309][  0]LogWindows:    2. 'Radeon Pro 560X' (P:0 D:0)
[2021.06.28-02.02.14:311][  0]LogWindows:    3. 'Radeon Pro 560X' (P:0 D:0)
[2021.06.28-02.02.14:313][  0]LogWindows:    4. 'Radeon Pro 560X' (P:0 D:0)
[2021.06.28-02.02.14:315][  0]LogWindows:    5. 'Radeon Pro 560X' (P:0 D:0)
[2021.06.28-02.02.14:317][  0]LogWindows:    6. 'Radeon Pro 560X' (P:0 D:0)
[2021.06.28-02.02.14:318][  0]LogWindows: DebugString: FoundDriverCount:7 
[2021.06.28-02.02.14:318][  0]LogD3D11RHI:     Adapter Name: Radeon Pro 560X
[2021.06.28-02.02.14:318][  0]LogD3D11RHI:   Driver Version: Adrenalin 19.30.01.33 (internal:26.20.13001.33012, unified:26.20.13001.33012)
[2021.06.28-02.02.14:318][  0]LogD3D11RHI:      Driver Date: 11-21-2019
[2021.06.28-02.02.14:318][  0]LogRHI: Texture pool is 2828 MB (70% of 4041 MB)
[2021.06.28-02.02.14:485][  0]LogD3D11RHI: RHI does not have support for 64 bit atomics
[2021.06.28-02.02.14:485][  0]LogD3D11RHI: Async texture creation enabled
[2021.06.28-02.02.14:501][  0]LogD3D11RHI: GPU Timing Frequency: 25.000000 (Debug: 2 1)
[2021.06.28-02.02.14:925][  0]LogTargetPlatformManager: Display: Loaded TargetPlatform 'AllDesktop'
[2021.06.28-02.02.14:958][  0]LogTargetPlatformManager: Display: Loaded TargetPlatform 'Android'
[2021.06.28-02.02.14:958][  0]LogTargetPlatformManager: Display: Loaded TargetPlatform 'Android_ASTC'
[2021.06.28-02.02.14:958][  0]LogTargetPlatformManager: Display: Loaded TargetPlatform 'Android_ATC'
[2021.06.28-02.02.14:958][  0]LogTargetPlatformManager: Display: Loaded TargetPlatform 'Android_DXT'
[2021.06.28-02.02.14:958][  0]LogTargetPlatformManager: Display: Loaded TargetPlatform 'Android_ETC1'
[2021.06.28-02.02.14:958][  0]LogTargetPlatformManager: Display: Loaded TargetPlatform 'Android_ETC1a'
[2021.06.28-02.02.14:958][  0]LogTargetPlatformManager: Display: Loaded TargetPlatform 'Android_ETC2'
[2021.06.28-02.02.14:958][  0]LogTargetPlatformManager: Display: Loaded TargetPlatform 'Android_PVRTC'
[2021.06.28-02.02.14:958][  0]LogTargetPlatformManager: Display: Loaded TargetPlatform 'AndroidClient'
[2021.06.28-02.02.14:958][  0]LogTargetPlatformManager: Display: Loaded TargetPlatform 'Android_ASTCClient'
[2021.06.28-02.02.14:958][  0]LogTargetPlatformManager: Display: Loaded TargetPlatform 'Android_ATCClient'
[2021.06.28-02.02.14:958][  0]LogTargetPlatformManager: Display: Loaded TargetPlatform 'Android_DXTClient'
[2021.06.28-02.02.14:958][  0]LogTargetPlatformManager: Display: Loaded TargetPlatform 'Android_ETC1Client'
[2021.06.28-02.02.14:958][  0]LogTargetPlatformManager: Display: Loaded TargetPlatform 'Android_ETC1aClient'
[2021.06.28-02.02.14:958][  0]LogTargetPlatformManager: Display: Loaded TargetPlatform 'Android_ETC2Client'
[2021.06.28-02.02.14:958][  0]LogTargetPlatformManager: Display: Loaded TargetPlatform 'Android_PVRTCClient'
[2021.06.28-02.02.14:958][  0]LogTargetPlatformManager: Display: Loaded TargetPlatform 'Android_Multi'
[2021.06.28-02.02.14:958][  0]LogTargetPlatformManager: Display: Loaded TargetPlatform 'Android_MultiClient'
[2021.06.28-02.02.14:982][  0]LogTargetPlatformManager: Display: Loaded TargetPlatform 'IOSClient'
[2021.06.28-02.02.14:982][  0]LogTargetPlatformManager: Display: Loaded TargetPlatform 'IOS'
[2021.06.28-02.02.14:994][  0]LogTargetPlatformManager: Display: Loaded TargetPlatform 'LinuxNoEditor'
[2021.06.28-02.02.15:004][  0]LogTargetPlatformManager: Display: Loaded TargetPlatform 'LinuxClient'
[2021.06.28-02.02.15:014][  0]LogTargetPlatformManager: Display: Loaded TargetPlatform 'LinuxServer'
[2021.06.28-02.02.15:024][  0]LogTargetPlatformManager: Display: Loaded TargetPlatform 'LinuxAArch64NoEditor'
[2021.06.28-02.02.15:034][  0]LogTargetPlatformManager: Display: Loaded TargetPlatform 'LinuxAArch64Client'
[2021.06.28-02.02.15:043][  0]LogTargetPlatformManager: Display: Loaded TargetPlatform 'LinuxAArch64Server'
[2021.06.28-02.02.15:078][  0]LogTargetPlatformManager: Display: Loaded TargetPlatform 'Lumin'
[2021.06.28-02.02.15:078][  0]LogTargetPlatformManager: Display: Loaded TargetPlatform 'LuminClient'
[2021.06.28-02.02.15:099][  0]LogTargetPlatformManager: Display: Loaded TargetPlatform 'TVOSClient'
[2021.06.28-02.02.15:099][  0]LogTargetPlatformManager: Display: Loaded TargetPlatform 'TVOS'
[2021.06.28-02.02.15:109][  0]LogTargetPlatformManager: Display: Loaded TargetPlatform 'WindowsNoEditor'
[2021.06.28-02.02.15:119][  0]LogTargetPlatformManager: Display: Loaded TargetPlatform 'Windows'
[2021.06.28-02.02.15:129][  0]LogTargetPlatformManager: Display: Loaded TargetPlatform 'WindowsClient'
[2021.06.28-02.02.15:139][  0]LogTargetPlatformManager: Display: Loaded TargetPlatform 'WindowsServer'
[2021.06.28-02.02.15:139][  0]LogTargetPlatformManager: Display: Building Assets For Windows
[2021.06.28-02.02.15:147][  0]LogAudioDebug: Display: Lib vorbis DLL was dynamically loaded.
[2021.06.28-02.02.15:208][  0]LogShaderCompilers: Guid format shader working directory is -17 characters bigger than the processId version (../../../../../../자료/Programming/Unreal_Projects/Barrel_Hopper/Intermediate/Shaders/WorkingDirectory/19680/).
[2021.06.28-02.02.15:208][  0]LogShaderCompilers: Cleaned the shader compiler working directory 'C:/Users/ps2_b/AppData/Local/Temp/UnrealShaderWorkingDir/38B485E44D7063275CA9E69DA3A3D153/'.
[2021.06.28-02.02.15:209][  0]LogXGEController: Cannot use XGE Controller as Incredibuild is not installed on this machine.
[2021.06.28-02.02.15:209][  0]LogShaderCompilers: Cannot use XGE Shader Compiler as Incredibuild is not installed on this machine.
[2021.06.28-02.02.15:209][  0]LogShaderCompilers: Display: Using Local Shader Compiler.
[2021.06.28-02.02.15:921][  0]LogDerivedDataCache: Display: Max Cache Size: 512 MB
[2021.06.28-02.02.15:966][  0]LogDerivedDataCache: Loaded boot cache 0.05s 78MB C:/Users/ps2_b/AppData/Local/UnrealEngine/4.24/DerivedDataCache/Boot.ddc.
[2021.06.28-02.02.15:966][  0]LogDerivedDataCache: Display: Loaded Boot cache: C:/Users/ps2_b/AppData/Local/UnrealEngine/4.24/DerivedDataCache/Boot.ddc
[2021.06.28-02.02.15:967][  0]LogDerivedDataCache: FDerivedDataBackendGraph:  Pak pak cache file ../../../../../../자료/Programming/Unreal_Projects/Barrel_Hopper/DerivedDataCache/DDC.ddp not found, will not use a pak cache.
[2021.06.28-02.02.15:967][  0]LogDerivedDataCache: Unable to find inner node Pak for hierarchical cache Hierarchy.
[2021.06.28-02.02.15:967][  0]LogDerivedDataCache: FDerivedDataBackendGraph:  CompressedPak pak cache file ../../../../../../자료/Programming/Unreal_Projects/Barrel_Hopper/DerivedDataCache/Compressed.ddp not found, will not use a pak cache.
[2021.06.28-02.02.15:967][  0]LogDerivedDataCache: Unable to find inner node CompressedPak for hierarchical cache Hierarchy.
[2021.06.28-02.02.15:975][  0]LogDerivedDataCache: Display: Pak cache opened for reading ../../../Engine/DerivedDataCache/Compressed.ddp.
[2021.06.28-02.02.15:976][  0]LogDerivedDataCache: FDerivedDataBackendGraph:  EnterprisePak pak cache file ../../../Enterprise/DerivedDataCache/Compressed.ddp not found, will not use a pak cache.
[2021.06.28-02.02.15:976][  0]LogDerivedDataCache: Unable to find inner node EnterprisePak for hierarchical cache Hierarchy.
[2021.06.28-02.02.15:977][  0]LogDerivedDataCache: Using Local data cache path C:/Users/ps2_b/AppData/Local/UnrealEngine/Common/DerivedDataCache: Writable
[2021.06.28-02.02.15:977][  0]LogDerivedDataCache: Shared data cache path not found in *engine.ini, will not use an Shared cache.
[2021.06.28-02.02.15:977][  0]LogDerivedDataCache: Unable to find inner node Shared for hierarchical cache Hierarchy.
[2021.06.28-02.02.15:998][  0]LogMaterial: Verifying Global Shaders for PCD3D_SM5
[2021.06.28-02.02.16:001][  0]LogSlate: Using FreeType 2.10.0
[2021.06.28-02.02.16:002][  0]LogSlate: SlateFontServices - WITH_FREETYPE: 1, WITH_HARFBUZZ: 1
[2021.06.28-02.02.16:076][  0]LogAssetRegistry: FAssetRegistry took 0.0026 seconds to start up
[2021.06.28-02.02.16:340][  0]LogInit: Selected Device Profile: [Windows]
[2021.06.28-02.02.16:496][  0]LogMeshReduction: Using QuadricMeshReduction for automatic static mesh reduction
[2021.06.28-02.02.16:496][  0]LogMeshReduction: Using SimplygonMeshReduction for automatic skeletal mesh reduction
[2021.06.28-02.02.16:496][  0]LogMeshReduction: Using ProxyLODMeshReduction for automatic mesh merging
[2021.06.28-02.02.16:496][  0]LogMeshReduction: No distributed automatic mesh merging module available
[2021.06.28-02.02.16:496][  0]LogMeshMerging: No distributed automatic mesh merging module available
[2021.06.28-02.02.16:509][  0]LogNetVersion: Barrel_Hopper 1.0.0, NetCL: 10570792, EngineNetVer: 13, GameNetVer: 0 (Checksum: 1762202207)
[2021.06.28-02.02.17:830][  0]LogPackageLocalizationCache: Processed 10 localized package path(s) for 1 prioritized culture(s) in 0.048235 seconds
[2021.06.28-02.02.17:836][  0]LogUObjectArray: 46750 objects as part of root set at end of initial load.
[2021.06.28-02.02.17:836][  0]LogUObjectAllocator: 8137160 out of 0 bytes used by permanent object pool.
[2021.06.28-02.02.17:836][  0]LogUObjectArray: CloseDisregardForGC: 0/0 objects in disregard for GC pool
[2021.06.28-02.02.18:306][  0]LogTcpMessaging: Initializing TcpMessaging bridge
[2021.06.28-02.02.18:309][  0]LogUdpMessaging: Initializing bridge on interface 0.0.0.0:0 to multicast group 230.0.0.1:6666.
[2021.06.28-02.02.18:372][  0]SourceControl: Source control is disabled
[2021.06.28-02.02.18:372][  0]SourceControl: Source control is disabled
[2021.06.28-02.02.18:374][  0]SourceControl: Source control is disabled
[2021.06.28-02.02.18:375][  0]SourceControl: Source control is disabled
[2021.06.28-02.02.18:377][  0]SourceControl: Source control is disabled
[2021.06.28-02.02.18:512][  0]LogAndroidPermission: UAndroidPermissionCallbackProxy::GetInstance
[2021.06.28-02.02.18:525][  0]LogAudioCaptureCore: Display: No Audio Capture implementations found. Audio input will be silent.
[2021.06.28-02.02.18:525][  0]LogAudioCaptureCore: Display: No Audio Capture implementations found. Audio input will be silent.
[2021.06.28-02.02.18:613][  0]LogOcInput: OculusInput pre-init called
[2021.06.28-02.02.18:629][  0]LogWindows: Failed to load 'OVRPlugin.dll' (GetLastError=126)
[2021.06.28-02.02.18:630][  0]LogWindows: File 'OVRPlugin.dll' does not exist
[2021.06.28-02.02.18:692][  0]LogEngine: Initializing Engine...
[2021.06.28-02.02.18:693][  0]LogHMD: Failed to initialize OpenVR with code 110
[2021.06.28-02.02.18:694][  0]LogStats: UGameplayTagsManager::InitializeManager -  0.000 s
[2021.06.28-02.02.19:021][  0]LogInit: Initializing FReadOnlyCVARCache
[2021.06.28-02.02.19:028][  0]LogAIModule: Creating AISystem for world Untitled
[2021.06.28-02.02.19:048][  0]LogAudioMixer: Display: Audio Mixer Platform Settings:
[2021.06.28-02.02.19:048][  0]LogAudioMixer: Display: 	Sample Rate:						  48000
[2021.06.28-02.02.19:048][  0]LogAudioMixer: Display: 	Callback Buffer Frame Size Requested: 1024
[2021.06.28-02.02.19:048][  0]LogAudioMixer: Display: 	Callback Buffer Frame Size To Use:	  1024
[2021.06.28-02.02.19:048][  0]LogAudioMixer: Display: 	Number of buffers to queue:			  2
[2021.06.28-02.02.19:048][  0]LogAudioMixer: Display: 	Max Channels (voices):				  32
[2021.06.28-02.02.19:048][  0]LogAudioMixer: Display: 	Number of Async Source Workers:		  0
[2021.06.28-02.02.19:048][  0]LogAudio: Display: AudioDevice MaxSources: 32
[2021.06.28-02.02.19:049][  0]LogAudio: Display: Using built-in audio occlusion.
[2021.06.28-02.02.19:049][  0]LogAudioMixer: Display: Initializing audio mixer.
[2021.06.28-02.02.19:099][  0]LogAudioMixer: Display: Audio Device Output Speaker Info:
[2021.06.28-02.02.19:099][  0]LogAudioMixer: Display: Name: Speakers (Apple Audio Device)
[2021.06.28-02.02.19:099][  0]LogAudioMixer: Display: Is Default: Yes
[2021.06.28-02.02.19:099][  0]LogAudioMixer: Display: Sample Rate: 48000
[2021.06.28-02.02.19:099][  0]LogAudioMixer: Display: Channel Count Used: 2
[2021.06.28-02.02.19:099][  0]LogAudioMixer: Display: Device Channel Count: 2
[2021.06.28-02.02.19:099][  0]LogAudioMixer: Display: Channel Order:
[2021.06.28-02.02.19:100][  0]LogAudioMixer: Display: 0: FrontLeft
[2021.06.28-02.02.19:100][  0]LogAudioMixer: Display: 1: FrontRight
[2021.06.28-02.02.19:224][  0]LogAudioMixer: Display: Using Audio Device Speakers (Apple Audio Device)
[2021.06.28-02.02.19:228][  0]LogInit: FAudioDevice initialized.
[2021.06.28-02.02.19:228][  0]LogNetVersion: Set ProjectVersion to 1.0.0.0. Version Checksum will be recalculated on next use.
[2021.06.28-02.02.19:281][  0]LogDerivedDataCache: Saved boot cache 0.05s 78MB C:/Users/ps2_b/AppData/Local/UnrealEngine/4.24/DerivedDataCache/Boot.ddc.
[2021.06.28-02.02.19:281][  0]LogInit: Texture streaming: Enabled
[2021.06.28-02.02.19:296][  0]LogEngineSessionManager: EngineSessionManager initialized
[2021.06.28-02.02.19:296][  0]LogEditorSessionSummary: Verbose: Initializing EditorSessionSummaryWriter for editor session tracking
[2021.06.28-02.02.19:301][  0]LogEditorSessionSummary: EditorSessionSummaryWriter initialized
[2021.06.28-02.02.19:340][  0]LogInit: Transaction tracking system initialized
[2021.06.28-02.02.19:356][  0]BlueprintLog: New page: Editor Load
[2021.06.28-02.02.19:405][  0]LocalizationService: Localization service is disabled
[2021.06.28-02.02.19:747][  0]LogFileCache: Scanning file cache for directory 'C:/자료/Programming/Unreal_Projects/Barrel_Hopper/Content/' took 0.01s
[2021.06.28-02.02.19:747][  0]LogCook: Display: Max memory allowance for cook 16384mb min free memory 0mb
[2021.06.28-02.02.19:747][  0]LogCook: Display: Mobile HDR setting 1
[2021.06.28-02.02.20:727][  0]SourceControl: Source control is disabled
[2021.06.28-02.02.20:727][  0]Cmd: MAP LOAD FILE="../../../../../../자료/Programming/Unreal_Projects/Barrel_Hopper/Content/Barrel_Hopper/Levels/Barrel_Hopper_Map.umap" TEMPLATE=0 SHOWPROGRESS=1 FEATURELEVEL=3
[2021.06.28-02.02.20:729][  0]LightingResults: New page: Lighting Build
[2021.06.28-02.02.20:731][  0]LogWorld: UWorld::CleanupWorld for Untitled, bSessionEnded=true, bCleanupResources=true
[2021.06.28-02.02.20:731][  0]LogSlate: InvalidateAllWidgets triggered.  All widgets were invalidated
[2021.06.28-02.02.20:731][  0]MapCheck: New page: Map Check
[2021.06.28-02.02.20:731][  0]LightingResults: New page: Lighting Build
[2021.06.28-02.02.20:759][  0]LogUObjectHash: Compacting FUObjectHashTables data took   1.47ms
[2021.06.28-02.02.21:020][  0]LogAIModule: Creating AISystem for world Barrel_Hopper_Map
[2021.06.28-02.02.21:026][  0]LogEditorServer: Finished looking for orphan Actors (0.000 secs)
[2021.06.28-02.02.21:062][  0]LogUObjectHash: Compacting FUObjectHashTables data took   1.82ms
[2021.06.28-02.02.21:062][  0]Cmd: MAP CHECKDEP NOCLEARLOG
[2021.06.28-02.02.21:063][  0]MapCheck: Map check complete: 0 Error(s), 0 Warning(s), took 0.409ms to complete.
[2021.06.28-02.02.21:063][  0]LogFileHelpers: Loading map 'Barrel_Hopper_Map' took 0.336
[2021.06.28-02.02.21:305][  0]LogSlate: Updating window title bar state: overlay mode, drag disabled, window buttons hidden, title bar hidden
[2021.06.28-02.02.21:311][  0]LogSlate: Updating window title bar state: overlay mode, drag disabled, window buttons hidden, title bar hidden
[2021.06.28-02.02.21:317][  0]LogSlate: Updating window title bar state: overlay mode, drag disabled, window buttons hidden, title bar hidden
[2021.06.28-02.02.21:322][  0]LogSlate: Updating window title bar state: overlay mode, drag disabled, window buttons hidden, title bar hidden
[2021.06.28-02.02.21:339][  0]LogCollectionManager: Loaded 0 collections in 0.001984 seconds
[2021.06.28-02.02.21:367][  0]LogFileCache: Scanning file cache for directory 'C:/자료/Programming/Unreal_Projects/Barrel_Hopper/Saved/Collections/' took 0.00s
[2021.06.28-02.02.21:367][  0]LogFileCache: Scanning file cache for directory 'C:/자료/Programming/Unreal_Projects/Barrel_Hopper/Content/Developers/ps2b/Collections/' took 0.00s
[2021.06.28-02.02.21:367][  0]LogFileCache: Scanning file cache for directory 'C:/자료/Programming/Unreal_Projects/Barrel_Hopper/Content/Collections/' took 0.00s
[2021.06.28-02.02.21:367][  0]LogContentBrowser: Native class hierarchy populated in 0.0070 seconds. Added 3015 classes and 717 folders.
[2021.06.28-02.02.21:377][  0]LogContentBrowser: Native class hierarchy updated for 'WidgetCarousel' in 0.0002 seconds. Added 0 classes and 0 folders.
[2021.06.28-02.02.21:541][  0]LogContentBrowser: Native class hierarchy updated for 'AddContentDialog' in 0.0002 seconds. Added 0 classes and 0 folders.
[2021.06.28-02.02.21:553][  0]LogContentBrowser: Native class hierarchy updated for 'SceneOutliner' in 0.0003 seconds. Added 2 classes and 3 folders.
[2021.06.28-02.02.21:760][  0]LogSlate: Took 0.000520 seconds to synchronously load lazily loaded font '../../../Engine/Content/Slate/Fonts/Roboto-Regular.ttf' (155K)
[2021.06.28-02.02.21:761][  0]LogSlate: Took 0.000269 seconds to synchronously load lazily loaded font '../../../Engine/Content/Slate/Fonts/Roboto-Bold.ttf' (160K)
[2021.06.28-02.02.21:766][  0]LogSlate: Took 0.000949 seconds to synchronously load lazily loaded font '../../../Engine/Content/Editor/Slate/Fonts/FontAwesome.ttf' (139K)
[2021.06.28-02.02.21:849][  0]LogRenderer: Reallocating scene render targets to support 748x448 Format 10 NumSamples 1 (Frame:1).
[2021.06.28-02.02.21:992][  0]LogContentBrowser: Native class hierarchy updated for 'HierarchicalLODOutliner' in 0.0002 seconds. Added 0 classes and 0 folders.
[2021.06.28-02.02.21:992][  0]LogLoad: (Engine Initialization) Total time: 11.63 seconds
[2021.06.28-02.02.21:992][  0]LogLoad: (Engine Initialization) Total Blueprint compile time: 0.00 seconds
[2021.06.28-02.02.22:057][  0]LogContentStreaming: Texture pool size now 1000 MB
[2021.06.28-02.02.22:121][  1]LogAssetRegistry: Asset discovery search completed in 6.0447 seconds
[2021.06.28-02.02.22:124][  1]LogCollectionManager: Fixed up redirectors for 0 collections in 0.000007 seconds (updated 0 objects)
[2021.06.28-02.03.15:794][384]LogSlate: Took 0.001406 seconds to synchronously load lazily loaded font '../../../Engine/Content/Slate/Fonts/Roboto-Light.ttf' (167K)
[2021.06.28-02.03.15:823][384]LogAssetEditorSubsystem: Opening Asset editor for AnimBlueprint /Game/Barrel_Hopper/Character/ThirdPerson_AnimBP.ThirdPerson_AnimBP
[2021.06.28-02.03.15:871][384]LogLinker: Warning: While loading '../../../../../../자료/Programming/Unreal_Projects/Barrel_Hopper/Content/Barrel_Hopper/Character/Materials/MaterialLayers/ML_Plastic_Shiny_Beige_LOGO.uasset' failed to load '/Game/Mannequin/Character/Textures/UE4_LOGO_CARD': Can't find file.
[2021.06.28-02.03.15:871][384]LogLinker: Warning: While loading '../../../../../../자료/Programming/Unreal_Projects/Barrel_Hopper/Content/Barrel_Hopper/Character/Materials/MaterialLayers/ML_Plastic_Shiny_Beige_LOGO.uasset' failed to load '/Game/Mannequin/Character/Textures/UE4_LOGO_CARD': Can't find file.
[2021.06.28-02.03.15:872][384]LogLinker: Warning: While loading '../../../../../../자료/Programming/Unreal_Projects/Barrel_Hopper/Content/Barrel_Hopper/Character/Materials/MaterialLayers/ML_Plastic_Shiny_Beige_LOGO.uasset' failed to load '/Game/Mannequin/Character/Textures/UE4_LOGO_CARD': Can't find file.
[2021.06.28-02.03.15:872][384]LogLinker: Warning: While loading '../../../../../../자료/Programming/Unreal_Projects/Barrel_Hopper/Content/Barrel_Hopper/Character/Materials/MaterialLayers/ML_Plastic_Shiny_Beige_LOGO.uasset' failed to load '/Game/Mannequin/Character/Textures/UE4_LOGO_CARD': Can't find file.
[2021.06.28-02.03.15:881][384]LogLinker: Warning: While loading '../../../../../../자료/Programming/Unreal_Projects/Barrel_Hopper/Content/Barrel_Hopper/Character/Materials/M_UE4Man_Body.uasset' failed to load '/Game/Mannequin/Character/Textures/UE4_Mannequin__normals': Can't find file.
[2021.06.28-02.03.15:881][384]LogLinker: Warning: While loading '../../../../../../자료/Programming/Unreal_Projects/Barrel_Hopper/Content/Barrel_Hopper/Character/Materials/M_UE4Man_Body.uasset' failed to load '/Game/Mannequin/Character/Textures/UE4_Mannequin__normals': Can't find file.
[2021.06.28-02.03.15:881][384]LogLinker: Warning: While loading '../../../../../../자료/Programming/Unreal_Projects/Barrel_Hopper/Content/Barrel_Hopper/Character/Materials/M_UE4Man_Body.uasset' failed to load '/Game/Mannequin/Character/Textures/UE4_Mannequin_MAT_MASKA': Can't find file.
[2021.06.28-02.03.15:882][384]LogLinker: Warning: While loading '../../../../../../자료/Programming/Unreal_Projects/Barrel_Hopper/Content/Barrel_Hopper/Character/Materials/M_UE4Man_Body.uasset' failed to load '/Game/Mannequin/Character/Textures/UE4_Mannequin_MAT_MASKA': Can't find file.
[2021.06.28-02.03.15:882][384]LogLinker: Warning: While loading '../../../../../../자료/Programming/Unreal_Projects/Barrel_Hopper/Content/Barrel_Hopper/Character/Materials/M_UE4Man_Body.uasset' failed to load '/Game/Mannequin/Character/Textures/UE4_Mannequin__normals': Can't find file.
[2021.06.28-02.03.15:883][384]LogLinker: Warning: While loading '../../../../../../자료/Programming/Unreal_Projects/Barrel_Hopper/Content/Barrel_Hopper/Character/Materials/M_UE4Man_Body.uasset' failed to load '/Game/Mannequin/Character/Textures/UE4_Mannequin__normals': Can't find file.
[2021.06.28-02.03.15:883][384]LogLinker: Warning: While loading '../../../../../../자료/Programming/Unreal_Projects/Barrel_Hopper/Content/Barrel_Hopper/Character/Materials/M_UE4Man_Body.uasset' failed to load '/Game/Mannequin/Character/Textures/UE4_Mannequin_MAT_MASKA': Can't find file.
[2021.06.28-02.03.15:883][384]LogLinker: Warning: While loading '../../../../../../자료/Programming/Unreal_Projects/Barrel_Hopper/Content/Barrel_Hopper/Character/Materials/M_UE4Man_Body.uasset' failed to load '/Game/Mannequin/Character/Textures/UE4_Mannequin_MAT_MASKA': Can't find file.
[2021.06.28-02.03.15:886][384]LogLinker: Warning: While loading '../../../../../../자료/Programming/Unreal_Projects/Barrel_Hopper/Content/Barrel_Hopper/Character/Materials/M_UE4Man_ChestLogo.uasset' failed to load '/Game/Mannequin/Character/Textures/UE4Man_Logo_N': Can't find file.
[2021.06.28-02.03.15:887][384]LogLinker: Warning: While loading '../../../../../../자료/Programming/Unreal_Projects/Barrel_Hopper/Content/Barrel_Hopper/Character/Materials/M_UE4Man_ChestLogo.uasset' failed to load '/Game/Mannequin/Character/Textures/UE4Man_Logo_N': Can't find file.
[2021.06.28-02.03.15:887][384]LogLinker: Warning: While loading '../../../../../../자료/Programming/Unreal_Projects/Barrel_Hopper/Content/Barrel_Hopper/Character/Materials/M_UE4Man_ChestLogo.uasset' failed to load '/Game/Mannequin/Character/Textures/UE4Man_Logo_N': Can't find file.
[2021.06.28-02.03.15:888][384]LogLinker: Warning: While loading '../../../../../../자료/Programming/Unreal_Projects/Barrel_Hopper/Content/Barrel_Hopper/Character/Materials/M_UE4Man_ChestLogo.uasset' failed to load '/Game/Mannequin/Character/Textures/UE4Man_Logo_N': Can't find file.
[2021.06.28-02.03.15:943][384]LogLinker: Warning: While loading '../../../../../../자료/Programming/Unreal_Projects/Barrel_Hopper/Content/Barrel_Hopper/Character/Materials/MaterialLayers/ML_Plastic_Shiny_Beige_LOGO.uasset' failed to load '/Game/Mannequin/Character/Textures/UE4_LOGO_CARD': Can't find file.
[2021.06.28-02.03.15:943][384]LoadErrors: Failed to load /Game/Mannequin/Character/Textures/UE4_LOGO_CARD.UE4_LOGO_CARD Referenced by MaterialExpressionTextureSample_2
[2021.06.28-02.03.15:943][384]LogLinker: Warning: While loading '../../../../../../자료/Programming/Unreal_Projects/Barrel_Hopper/Content/Barrel_Hopper/Character/Materials/MaterialLayers/ML_Plastic_Shiny_Beige_LOGO.uasset' failed to load '/Game/Mannequin/Character/Textures/UE4_LOGO_CARD': Can't find file.
[2021.06.28-02.03.15:945][384]LogLinker: Warning: While loading '../../../../../../자료/Programming/Unreal_Projects/Barrel_Hopper/Content/Barrel_Hopper/Character/Materials/M_UE4Man_ChestLogo.uasset' failed to load '/Game/Mannequin/Character/Textures/UE4Man_Logo_N': Can't find file.
[2021.06.28-02.03.15:945][384]LoadErrors: Failed to load /Game/Mannequin/Character/Textures/UE4Man_Logo_N.UE4Man_Logo_N Referenced by M_UE4Man_ChestLogo
[2021.06.28-02.03.15:945][384]LogLinker: Warning: While loading '../../../../../../자료/Programming/Unreal_Projects/Barrel_Hopper/Content/Barrel_Hopper/Character/Materials/M_UE4Man_ChestLogo.uasset' failed to load '/Game/Mannequin/Character/Textures/UE4Man_Logo_N': Can't find file.
[2021.06.28-02.03.15:946][384]LogLinker: Warning: While loading '../../../../../../자료/Programming/Unreal_Projects/Barrel_Hopper/Content/Barrel_Hopper/Character/Materials/M_UE4Man_Body.uasset' failed to load '/Game/Mannequin/Character/Textures/UE4_Mannequin_MAT_MASKA': Can't find file.
[2021.06.28-02.03.15:946][384]LoadErrors: Failed to load /Game/Mannequin/Character/Textures/UE4_Mannequin_MAT_MASKA.UE4_Mannequin_MAT_MASKA Referenced by MaterialExpressionTextureSample_4
[2021.06.28-02.03.15:947][384]LogLinker: Warning: While loading '../../../../../../자료/Programming/Unreal_Projects/Barrel_Hopper/Content/Barrel_Hopper/Character/Materials/M_UE4Man_Body.uasset' failed to load '/Game/Mannequin/Character/Textures/UE4_Mannequin_MAT_MASKA': Can't find file.
[2021.06.28-02.03.15:947][384]LogLinker: Warning: While loading '../../../../../../자료/Programming/Unreal_Projects/Barrel_Hopper/Content/Barrel_Hopper/Character/Materials/M_UE4Man_Body.uasset' failed to load '/Game/Mannequin/Character/Textures/UE4_Mannequin__normals': Can't find file.
[2021.06.28-02.03.15:947][384]LoadErrors: Failed to load /Game/Mannequin/Character/Textures/UE4_Mannequin__normals.UE4_Mannequin__normals Referenced by MaterialExpressionTextureSampleParameter2D_0
[2021.06.28-02.03.15:948][384]LogLinker: Warning: While loading '../../../../../../자료/Programming/Unreal_Projects/Barrel_Hopper/Content/Barrel_Hopper/Character/Materials/M_UE4Man_Body.uasset' failed to load '/Game/Mannequin/Character/Textures/UE4_Mannequin__normals': Can't find file.
[2021.06.28-02.03.15:991][384]LogMaterial: Display: Missing cached shader map for material M_UE4Man_Body, compiling. 
[2021.06.28-02.03.15:993][384]LogMaterial: Warning: C:\자료\Programming\Unreal_Projects\Barrel_Hopper\Content\Barrel_Hopper\Character\Materials\M_UE4Man_Body.uasset: Failed to compile Material for platform PCD3D_SM5, Default Material will be used in game.
[2021.06.28-02.03.15:993][384]LogMaterial: Display: 	(Node TextureSampleParameter2D) Param2D> Found NULL, requires Texture2D
[2021.06.28-02.03.15:993][384]LogMaterial: Display: 	Function MatLayerBlend_NormalBlend: (Node MakeMaterialAttributes) Error on property Normal
[2021.06.28-02.03.15:993][384]LogMaterial: Display: 	(Node TextureSample) Texture Sample> Missing input texture
[2021.06.28-02.03.15:993][384]LogMaterial: Display: 	Function MatLayerBlend_Simple: (Node MakeMaterialAttributes) Error on property EmissiveColor
[2021.06.28-02.03.15:993][384]LogMaterial: Display: 	Function MatLayerBlend_Simple: (Node MakeMaterialAttributes) Error on property BaseColor
[2021.06.28-02.03.15:993][384]LogMaterial: Display: 	Function MatLayerBlend_Simple: (Node MakeMaterialAttributes) Error on property Metallic
[2021.06.28-02.03.15:993][384]LogMaterial: Display: 	Function MatLayerBlend_Simple: (Node MakeMaterialAttributes) Error on property Roughness
[2021.06.28-02.03.15:998][384]LogMaterial: Display: Missing cached shader map for material M_UE4Man_Body, compiling. 
[2021.06.28-02.03.15:999][384]LogMaterial: Warning: C:\자료\Programming\Unreal_Projects\Barrel_Hopper\Content\Barrel_Hopper\Character\Materials\M_UE4Man_ChestLogo.uasset: Failed to compile Material Instance with Base M_UE4Man_Body for platform PCD3D_SM5, Default Material will be used in game.
[2021.06.28-02.03.15:999][384]LogMaterial: Display: 	(Node TextureSampleParameter2D) Param2D> Found NULL, requires Texture2D
[2021.06.28-02.03.15:999][384]LogMaterial: Display: 	Function MatLayerBlend_NormalBlend: (Node MakeMaterialAttributes) Error on property Normal
[2021.06.28-02.03.15:999][384]LogMaterial: Display: 	Function ML_Plastic_Shiny_Beige_LOGO: (Node TextureSample) Logo Mask> Missing input texture
[2021.06.28-02.03.15:999][384]LogMaterial: Display: 	Function ML_Plastic_Shiny_Beige_LOGO: (Node MakeMaterialAttributes) Error on property OpacityMask
[2021.06.28-02.03.16:008][384]LogContentBrowser: Native class hierarchy updated for 'SkeletonEditor' in 0.0003 seconds. Added 1 classes and 2 folders.
[2021.06.28-02.03.16:196][384]LogActorComponent: RegisterComponentWithWorld: (/Engine/Transient.World_1:PersistentLevel.AnimationEditorPreviewActor_0.DebugSkelMeshComponent_0) Already registered. Aborting.
[2021.06.28-02.03.16:201][384]LogContentBrowser: Native class hierarchy updated for 'PinnedCommandList' in 0.0002 seconds. Added 1 classes and 0 folders.
[2021.06.28-02.03.16:450][384]LogContentBrowser: Native class hierarchy updated for 'BlueprintGraph' in 0.0004 seconds. Added 121 classes and 0 folders.
[2021.06.28-02.03.17:152][384]LogSkeletalMesh: USkeletalMeshComponent::InitArticulated : Bodies already created (/Engine/Transient.World_1:PersistentLevel.AnimationEditorPreviewActor_0.DebugSkelMeshComponent_0) - call TermArticulated first.
[2021.06.28-02.03.17:498][384]LogSlate: Took 0.000386 seconds to synchronously load lazily loaded font '../../../Engine/Content/Slate/Fonts/Roboto-BoldCondensed.ttf' (158K)
[2021.06.28-02.03.17:664][385]LogSlate: Took 0.001085 seconds to synchronously load lazily loaded font '../../../Engine/Content/Slate/Fonts/Roboto-Italic.ttf' (157K)
[2021.06.28-02.07.07:660][222]LogAssetEditorSubsystem: Opening Asset editor for AnimBlueprint /Game/Mannequin/Animations/ThirdPerson_AnimBP.ThirdPerson_AnimBP
[2021.06.28-02.07.07:669][222]LogActorComponent: RegisterComponentWithWorld: (/Engine/Transient.World_8:PersistentLevel.AnimationEditorPreviewActor_0.DebugSkelMeshComponent_0) Already registered. Aborting.
[2021.06.28-02.07.07:910][222]LogSkeletalMesh: USkeletalMeshComponent::InitArticulated : Bodies already created (/Engine/Transient.World_8:PersistentLevel.AnimationEditorPreviewActor_0.DebugSkelMeshComponent_0) - call TermArticulated first.
[2021.06.28-02.07.16:543][ 34]LogSlate: Window 'ThirdPerson_AnimBP' being destroyed
[2021.06.28-02.07.16:557][ 34]LogSlate: Window 'ThirdPerson_AnimBP' being destroyed
[2021.06.28-02.07.16:580][ 34]LogWorld: UWorld::CleanupWorld for World_1, bSessionEnded=true, bCleanupResources=true
[2021.06.28-02.07.16:580][ 34]LogSlate: InvalidateAllWidgets triggered.  All widgets were invalidated
[2021.06.28-02.07.16:584][ 34]LogWorld: UWorld::CleanupWorld for World_0, bSessionEnded=true, bCleanupResources=true
[2021.06.28-02.07.16:584][ 34]LogSlate: InvalidateAllWidgets triggered.  All widgets were invalidated
[2021.06.28-02.07.16:733][ 34]LogWorld: UWorld::CleanupWorld for World_2, bSessionEnded=true, bCleanupResources=true
[2021.06.28-02.07.16:733][ 34]LogSlate: InvalidateAllWidgets triggered.  All widgets were invalidated
[2021.06.28-02.07.16:764][ 34]LogWorld: UWorld::CleanupWorld for World_8, bSessionEnded=true, bCleanupResources=true
[2021.06.28-02.07.16:764][ 34]LogSlate: InvalidateAllWidgets triggered.  All widgets were invalidated
[2021.06.28-02.07.16:768][ 34]LogWorld: UWorld::CleanupWorld for World_7, bSessionEnded=true, bCleanupResources=true
[2021.06.28-02.07.16:768][ 34]LogSlate: InvalidateAllWidgets triggered.  All widgets were invalidated
[2021.06.28-02.07.16:893][ 34]LogWorld: UWorld::CleanupWorld for World_9, bSessionEnded=true, bCleanupResources=true
[2021.06.28-02.07.16:893][ 34]LogSlate: InvalidateAllWidgets triggered.  All widgets were invalidated
[2021.06.28-02.07.26:665][974]LogAssetEditorSubsystem: Opening Asset editor for AnimBlueprint /Game/Barrel_Hopper/Character/ThirdPerson_AnimBP.ThirdPerson_AnimBP
[2021.06.28-02.07.26:674][974]LogActorComponent: RegisterComponentWithWorld: (/Engine/Transient.World_11:PersistentLevel.AnimationEditorPreviewActor_0.DebugSkelMeshComponent_0) Already registered. Aborting.
[2021.06.28-02.07.27:064][974]LogSkeletalMesh: USkeletalMeshComponent::InitArticulated : Bodies already created (/Engine/Transient.World_11:PersistentLevel.AnimationEditorPreviewActor_0.DebugSkelMeshComponent_0) - call TermArticulated first.
[2021.06.28-02.09.51:752][429]LogSelectionDetails: Warning: NavigateToFunctionSource:  Unable to find symbols for 'APawn::GetMovementComponent' [Element not found.]
[2021.06.28-02.10.06:325][504]LogAssetEditorSubsystem: Opening Asset editor for AnimBlueprint /Game/Mannequin/Animations/ThirdPerson_AnimBP.ThirdPerson_AnimBP
[2021.06.28-02.10.06:330][504]LogActorComponent: RegisterComponentWithWorld: (/Engine/Transient.World_14:PersistentLevel.AnimationEditorPreviewActor_0.DebugSkelMeshComponent_0) Already registered. Aborting.
[2021.06.28-02.10.06:543][504]LogSkeletalMesh: USkeletalMeshComponent::InitArticulated : Bodies already created (/Engine/Transient.World_14:PersistentLevel.AnimationEditorPreviewActor_0.DebugSkelMeshComponent_0) - call TermArticulated first.
[2021.06.28-02.10.46:491][257]LogWorld: UWorld::CleanupWorld for World_11, bSessionEnded=true, bCleanupResources=true
[2021.06.28-02.10.46:491][257]LogSlate: InvalidateAllWidgets triggered.  All widgets were invalidated
[2021.06.28-02.10.46:495][257]LogWorld: UWorld::CleanupWorld for World_10, bSessionEnded=true, bCleanupResources=true
[2021.06.28-02.10.46:495][257]LogSlate: InvalidateAllWidgets triggered.  All widgets were invalidated
[2021.06.28-02.10.46:636][257]LogWorld: UWorld::CleanupWorld for World_12, bSessionEnded=true, bCleanupResources=true
[2021.06.28-02.10.46:636][257]LogSlate: InvalidateAllWidgets triggered.  All widgets were invalidated
[2021.06.28-02.12.22:213][648]LogUObjectHash: Compacting FUObjectHashTables data took   4.98ms
[2021.06.28-02.12.22:219][648]LogFileHelpers: Editor autosave (incl. sublevels) for '/Game/Barrel_Hopper/Levels/Barrel_Hopper_Map' took 0.076
[2021.06.28-02.12.22:221][648]OBJ SavePackage: Generating thumbnails for [1] asset(s) in package [/Game/Barrel_Hopper/Character/ThirdPerson_AnimBP] ([1] browsable assets)...
[2021.06.28-02.12.22:264][648]OBJ SavePackage:     Rendered thumbnail for [AnimBlueprint /Game/Barrel_Hopper/Character/ThirdPerson_AnimBP.ThirdPerson_AnimBP]
[2021.06.28-02.12.22:264][648]OBJ SavePackage: Finished generating thumbnails for package [/Game/Barrel_Hopper/Character/ThirdPerson_AnimBP]
[2021.06.28-02.12.22:424][648]LogSavePackage: Moving '../../../../../../자료/Programming/Unreal_Projects/Barrel_Hopper/Saved/ThirdPerson_AnimBP_Auto11DB31E534BA337EBDED8D6AA05C7505E.tmp' to '../../../../../../자료/Programming/Unreal_Projects/Barrel_Hopper/Saved/Autosaves/Game/Barrel_Hopper/Character/ThirdPerson_AnimBP_Auto1.uasset'
[2021.06.28-02.12.22:426][648]LogFileHelpers: Auto-saving content packages took 0.207
[2021.06.28-02.15.27:049][400]LogAudioMixer: Warning: Changing default audio render device to new device: {0.0.0.00000000}.{a4fdd95b-106b-4992-8008-a343a0cc5e39}.
[2021.06.28-02.15.27:317][400]LogTemp: Resetting audio stream to device id 
[2021.06.28-02.15.27:495][400]LogAudioMixer: Display: Audio Device Output Speaker Info:
[2021.06.28-02.15.27:495][400]LogAudioMixer: Display: Name: Headphones (Apple Audio Device)
[2021.06.28-02.15.27:495][400]LogAudioMixer: Display: Is Default: Yes
[2021.06.28-02.15.27:495][400]LogAudioMixer: Display: Sample Rate: 48000
[2021.06.28-02.15.27:495][400]LogAudioMixer: Display: Channel Count Used: 2
[2021.06.28-02.15.27:495][400]LogAudioMixer: Display: Device Channel Count: 2
[2021.06.28-02.15.27:495][400]LogAudioMixer: Display: Channel Order:
[2021.06.28-02.15.27:495][400]LogAudioMixer: Display: 0: FrontLeft
[2021.06.28-02.15.27:495][400]LogAudioMixer: Display: 1: FrontRight
[2021.06.28-02.18.02:674][142]BlueprintLog: New page: Compile ThirdPerson_AnimBP
[2021.06.28-02.18.02:866][142]LogUObjectHash: Compacting FUObjectHashTables data took   2.82ms
[2021.06.28-02.18.49:623][896]LogSlate: Window 'ThirdPerson_AnimBP' being destroyed
[2021.06.28-02.18.49:633][896]LogSlate: Window 'ThirdPerson_AnimBP' being destroyed
[2021.06.28-02.18.49:642][896]LogWorld: UWorld::CleanupWorld for World_14, bSessionEnded=true, bCleanupResources=true
[2021.06.28-02.18.49:642][896]LogSlate: InvalidateAllWidgets triggered.  All widgets were invalidated
[2021.06.28-02.18.49:644][896]LogWorld: UWorld::CleanupWorld for World_13, bSessionEnded=true, bCleanupResources=true
[2021.06.28-02.18.49:644][896]LogSlate: InvalidateAllWidgets triggered.  All widgets were invalidated
[2021.06.28-02.18.49:738][896]LogWorld: UWorld::CleanupWorld for World_15, bSessionEnded=true, bCleanupResources=true
[2021.06.28-02.18.49:738][896]LogSlate: InvalidateAllWidgets triggered.  All widgets were invalidated
[2021.06.28-02.18.50:724][952]LogAssetEditorSubsystem: Opening Asset editor for AnimBlueprint /Game/Barrel_Hopper/Character/ThirdPerson_AnimBP.ThirdPerson_AnimBP
[2021.06.28-02.18.50:731][952]LogActorComponent: RegisterComponentWithWorld: (/Engine/Transient.World_17:PersistentLevel.AnimationEditorPreviewActor_0.DebugSkelMeshComponent_0) Already registered. Aborting.
[2021.06.28-02.18.51:026][952]LogSkeletalMesh: USkeletalMeshComponent::InitArticulated : Bodies already created (/Engine/Transient.World_17:PersistentLevel.AnimationEditorPreviewActor_0.DebugSkelMeshComponent_0) - call TermArticulated first.
[2021.06.28-02.19.15:323][369]LogSavePackage: Moving '../../../../../../자료/Programming/Unreal_Projects/Barrel_Hopper/Saved/ThirdPerson_AnimBPB94DB1D84869610DC30404A9CE1E3ACE.tmp' to '../../../../../../자료/Programming/Unreal_Projects/Barrel_Hopper/Content/Barrel_Hopper/Character/ThirdPerson_AnimBP.uasset'
[2021.06.28-02.19.15:348][369]AssetCheck: New page: Asset Save: ThirdPerson_AnimBP
[2021.06.28-02.19.15:348][369]LogContentValidation: Display: Validating AnimBlueprint /Game/Barrel_Hopper/Character/ThirdPerson_AnimBP.ThirdPerson_AnimBP
[2021.06.28-02.19.15:783][395]BlueprintLog: New page: Compile ThirdPerson_AnimBP
[2021.06.28-02.19.15:990][395]LogUObjectHash: Compacting FUObjectHashTables data took   3.39ms
[2021.06.28-02.19.16:913][441]LogSavePackage: Moving '../../../../../../자료/Programming/Unreal_Projects/Barrel_Hopper/Saved/ThirdPerson_AnimBP515D5D7C4D6F01926AE180B414E92657.tmp' to '../../../../../../자료/Programming/Unreal_Projects/Barrel_Hopper/Content/Barrel_Hopper/Character/ThirdPerson_AnimBP.uasset'
[2021.06.28-02.19.16:932][441]AssetCheck: New page: Asset Save: ThirdPerson_AnimBP
[2021.06.28-02.19.16:932][441]LogContentValidation: Display: Validating AnimBlueprint /Game/Barrel_Hopper/Character/ThirdPerson_AnimBP.ThirdPerson_AnimBP
[2021.06.28-02.19.29:987][199]BlueprintLog: New page: Compile ThirdPerson_AnimBP
[2021.06.28-02.19.30:187][199]LogUObjectHash: Compacting FUObjectHashTables data took   3.15ms
[2021.06.28-02.19.35:454][496]LogSavePackage: Moving '../../../../../../자료/Programming/Unreal_Projects/Barrel_Hopper/Saved/ThirdPerson_AnimBP367FAF0D4CC95B8998FC27ABC887F585.tmp' to '../../../../../../자료/Programming/Unreal_Projects/Barrel_Hopper/Content/Barrel_Hopper/Character/ThirdPerson_AnimBP.uasset'
[2021.06.28-02.19.35:473][496]AssetCheck: New page: Asset Save: ThirdPerson_AnimBP
[2021.06.28-02.19.35:473][496]LogContentValidation: Display: Validating AnimBlueprint /Game/Barrel_Hopper/Character/ThirdPerson_AnimBP.ThirdPerson_AnimBP
[2021.06.28-02.22.22:711][300]LogUObjectHash: Compacting FUObjectHashTables data took   5.03ms
[2021.06.28-02.22.22:713][300]LogFileHelpers: Editor autosave (incl. sublevels) for '/Game/Barrel_Hopper/Levels/Barrel_Hopper_Map' took 0.058
[2021.06.28-02.22.22:715][300]OBJ SavePackage: Generating thumbnails for [1] asset(s) in package [/Game/Mannequin/Animations/ThirdPerson_AnimBP] ([1] browsable assets)...
[2021.06.28-02.22.22:746][300]OBJ SavePackage:     Rendered thumbnail for [AnimBlueprint /Game/Mannequin/Animations/ThirdPerson_AnimBP.ThirdPerson_AnimBP]
[2021.06.28-02.22.22:746][300]OBJ SavePackage: Finished generating thumbnails for package [/Game/Mannequin/Animations/ThirdPerson_AnimBP]
[2021.06.28-02.22.22:857][300]LogSavePackage: Moving '../../../../../../자료/Programming/Unreal_Projects/Barrel_Hopper/Saved/ThirdPerson_AnimBP_Auto2AF52EAFB411AD84DC6C300970A676E14.tmp' to '../../../../../../자료/Programming/Unreal_Projects/Barrel_Hopper/Saved/Autosaves/Game/Mannequin/Animations/ThirdPerson_AnimBP_Auto2.uasset'
[2021.06.28-02.22.22:860][300]LogFileHelpers: Auto-saving content packages took 0.147
[2021.06.28-02.32.44:391][346]LogUObjectHash: Compacting FUObjectHashTables data took   2.28ms
[2021.06.28-02.32.44:393][346]LogFileHelpers: Editor autosave (incl. sublevels) for '/Game/Barrel_Hopper/Levels/Barrel_Hopper_Map' took 0.032
[2021.06.28-02.32.44:393][346]OBJ SavePackage: Generating thumbnails for [1] asset(s) in package [/Game/Barrel_Hopper/Character/ThirdPerson_AnimBP] ([1] browsable assets)...
[2021.06.28-02.32.44:427][346]OBJ SavePackage:     Rendered thumbnail for [AnimBlueprint /Game/Barrel_Hopper/Character/ThirdPerson_AnimBP.ThirdPerson_AnimBP]
[2021.06.28-02.32.44:427][346]OBJ SavePackage: Finished generating thumbnails for package [/Game/Barrel_Hopper/Character/ThirdPerson_AnimBP]
[2021.06.28-02.32.44:495][346]LogSavePackage: Moving '../../../../../../자료/Programming/Unreal_Projects/Barrel_Hopper/Saved/ThirdPerson_AnimBP_Auto349B5941540A741875E27CB8AA4AC814D.tmp' to '../../../../../../자료/Programming/Unreal_Projects/Barrel_Hopper/Saved/Autosaves/Game/Barrel_Hopper/Character/ThirdPerson_AnimBP_Auto3.uasset'
[2021.06.28-02.32.44:496][346]LogFileHelpers: Auto-saving content packages took 0.104
[2021.06.28-02.33.02:059][ 57]LogSavePackage: Moving '../../../../../../자료/Programming/Unreal_Projects/Barrel_Hopper/Saved/ThirdPerson_AnimBPC32D7E8C4D81A529E169139D67BF2839.tmp' to '../../../../../../자료/Programming/Unreal_Projects/Barrel_Hopper/Content/Barrel_Hopper/Character/ThirdPerson_AnimBP.uasset'
[2021.06.28-02.33.02:087][ 57]AssetCheck: New page: Asset Save: ThirdPerson_AnimBP
[2021.06.28-02.33.02:087][ 57]LogContentValidation: Display: Validating AnimBlueprint /Game/Barrel_Hopper/Character/ThirdPerson_AnimBP.ThirdPerson_AnimBP
[2021.06.28-02.33.13:659][707]LogSavePackage: Moving '../../../../../../자료/Programming/Unreal_Projects/Barrel_Hopper/Saved/ThirdPerson_AnimBPD77713884E54729C4C0D97834D5F2812.tmp' to '../../../../../../자료/Programming/Unreal_Projects/Barrel_Hopper/Content/Barrel_Hopper/Character/ThirdPerson_AnimBP.uasset'
[2021.06.28-02.33.13:680][707]AssetCheck: New page: Asset Save: ThirdPerson_AnimBP
[2021.06.28-02.33.13:680][707]LogContentValidation: Display: Validating AnimBlueprint /Game/Barrel_Hopper/Character/ThirdPerson_AnimBP.ThirdPerson_AnimBP
[2021.06.28-02.33.14:931][773]BlueprintLog: New page: Compile ThirdPerson_AnimBP
[2021.06.28-02.33.15:131][773]LogUObjectHash: Compacting FUObjectHashTables data took   2.72ms
[2021.06.28-02.35.44:509][113]LogContentBrowser: Verbose: The majority of assets in the view are of type: AnimSequence
[2021.06.28-02.35.55:147][976]BlueprintLog: New page: Compile ThirdPerson_AnimBP
[2021.06.28-02.35.55:467][976]LogUObjectHash: Compacting FUObjectHashTables data took   4.92ms
[2021.06.28-02.35.56:244][ 14]LogSavePackage: Moving '../../../../../../자료/Programming/Unreal_Projects/Barrel_Hopper/Saved/ThirdPerson_AnimBP4BE929DE49C30210E474939ABDC595ED.tmp' to '../../../../../../자료/Programming/Unreal_Projects/Barrel_Hopper/Content/Barrel_Hopper/Character/ThirdPerson_AnimBP.uasset'
[2021.06.28-02.35.56:271][ 14]AssetCheck: New page: Asset Save: ThirdPerson_AnimBP
[2021.06.28-02.35.56:271][ 14]LogContentValidation: Display: Validating AnimBlueprint /Game/Barrel_Hopper/Character/ThirdPerson_AnimBP.ThirdPerson_AnimBP
[2021.06.28-02.36.04:160][596]BlueprintLog: New page: Compile ThirdPerson_AnimBP
[2021.06.28-02.36.04:485][596]LogUObjectHash: Compacting FUObjectHashTables data took   5.07ms
[2021.06.28-02.36.05:154][633]LogSavePackage: Moving '../../../../../../자료/Programming/Unreal_Projects/Barrel_Hopper/Saved/ThirdPerson_AnimBPA547DCCE41731AF17F8349B837521BCE.tmp' to '../../../../../../자료/Programming/Unreal_Projects/Barrel_Hopper/Content/Barrel_Hopper/Character/ThirdPerson_AnimBP.uasset'
[2021.06.28-02.36.05:182][633]AssetCheck: New page: Asset Save: ThirdPerson_AnimBP
[2021.06.28-02.36.05:182][633]LogContentValidation: Display: Validating AnimBlueprint /Game/Barrel_Hopper/Character/ThirdPerson_AnimBP.ThirdPerson_AnimBP
[2021.06.28-02.40.54:214][ 50]BlueprintLog: New page: Compile ThirdPerson_AnimBP
[2021.06.28-02.40.54:412][ 50]LogUObjectHash: Compacting FUObjectHashTables data took   3.09ms
[2021.06.28-02.40.55:996][131]LogSavePackage: Moving '../../../../../../자료/Programming/Unreal_Projects/Barrel_Hopper/Saved/ThirdPerson_AnimBP7B6342584EDF6A3264F6E99DBB0E0F1B.tmp' to '../../../../../../자료/Programming/Unreal_Projects/Barrel_Hopper/Content/Barrel_Hopper/Character/ThirdPerson_AnimBP.uasset'
[2021.06.28-02.40.56:023][131]AssetCheck: New page: Asset Save: ThirdPerson_AnimBP
[2021.06.28-02.40.56:023][131]LogContentValidation: Display: Validating AnimBlueprint /Game/Barrel_Hopper/Character/ThirdPerson_AnimBP.ThirdPerson_AnimBP
[2021.06.28-02.41.09:524][928]LogSavePackage: Moving '../../../../../../자료/Programming/Unreal_Projects/Barrel_Hopper/Saved/ThirdPerson_AnimBP1AB44D68472F43DC44D9CEA928E5F1CE.tmp' to '../../../../../../자료/Programming/Unreal_Projects/Barrel_Hopper/Content/Barrel_Hopper/Character/ThirdPerson_AnimBP.uasset'
[2021.06.28-02.41.09:542][928]AssetCheck: New page: Asset Save: ThirdPerson_AnimBP
[2021.06.28-02.41.09:543][928]LogContentValidation: Display: Validating AnimBlueprint /Game/Barrel_Hopper/Character/ThirdPerson_AnimBP.ThirdPerson_AnimBP
